2019-06-26 08:59:57.032 WARN   [,]  [l-1 housekeeper] com.zaxxer.hikari.pool.HikariPool: - HikariPool-1 - Thread starvation or clock leap detected (housekeeper delta=14h23s866ms392µs500ns).
2019-06-26 09:23:49.260 INFO   [,]  [restartedMain] o.s.b.d.e.DevToolsPropertyDefaultsPostProcessor: - Devtools property defaults active! Set 'spring.devtools.add-properties' to 'false' to disable
2019-06-26 09:23:49.461 INFO   [,]  [restartedMain] o.s.c.s.PostProcessorRegistrationDelegate$BeanPostProcessorChecker: - Bean 'org.springframework.cloud.autoconfigure.ConfigurationPropertiesRebinderAutoConfiguration' of type [org.springframework.cloud.autoconfigure.ConfigurationPropertiesRebinderAutoConfiguration$$EnhancerBySpringCGLIB$$b6f7aa2d] is not eligible for getting processed by all BeanPostProcessors (for example: not eligible for auto-proxying)
2019-06-26 09:23:50.462 INFO   [,]  [restartedMain] c.z.s.s.DemoStockCenterProviderApplication: - The following profiles are active: dev
2019-06-26 09:23:51.535 WARN   [,]  [restartedMain] o.s.boot.actuate.endpoint.EndpointId: - Endpoint ID 'service-registry' contains invalid characters, please migrate to a valid format.
2019-06-26 09:23:51.723 INFO   [,]  [restartedMain] o.s.cloud.context.scope.GenericScope: - BeanFactory id=257e77b5-3f4c-3cd5-b284-60e4ec8ce1f7
2019-06-26 09:23:51.817 INFO   [,]  [restartedMain] o.s.c.s.PostProcessorRegistrationDelegate$BeanPostProcessorChecker: - Bean 'org.springframework.transaction.annotation.ProxyTransactionManagementConfiguration' of type [org.springframework.transaction.annotation.ProxyTransactionManagementConfiguration$$EnhancerBySpringCGLIB$$9adda730] is not eligible for getting processed by all BeanPostProcessors (for example: not eligible for auto-proxying)
2019-06-26 09:23:51.842 INFO   [,]  [restartedMain] o.s.c.s.PostProcessorRegistrationDelegate$BeanPostProcessorChecker: - Bean 'org.springframework.cloud.autoconfigure.ConfigurationPropertiesRebinderAutoConfiguration' of type [org.springframework.cloud.autoconfigure.ConfigurationPropertiesRebinderAutoConfiguration$$EnhancerBySpringCGLIB$$b6f7aa2d] is not eligible for getting processed by all BeanPostProcessors (for example: not eligible for auto-proxying)
2019-06-26 09:23:52.370 INFO   [,]  [restartedMain] o.s.b.w.e.tomcat.TomcatWebServer: - Tomcat initialized with port(s): 8190 (http)
2019-06-26 09:23:52.392 INFO   [,]  [restartedMain] o.a.catalina.core.StandardService: - Starting service [Tomcat]
2019-06-26 09:23:52.393 INFO   [,]  [restartedMain] o.a.catalina.core.StandardEngine: - Starting Servlet engine: [Apache Tomcat/9.0.21]
2019-06-26 09:23:52.559 INFO   [,]  [restartedMain] o.a.c.c.C.[.[.[/demo-stock-center]: - Initializing Spring embedded WebApplicationContext
2019-06-26 09:23:52.560 INFO   [,]  [restartedMain] o.s.web.context.ContextLoader: - Root WebApplicationContext: initialization completed in 2080 ms
2019-06-26 09:23:52.648 WARN   [,]  [restartedMain] c.n.c.sources.URLConfigurationSource: - No URLs will be polled as dynamic configuration sources.
2019-06-26 09:23:52.648 INFO   [,]  [restartedMain] c.n.c.sources.URLConfigurationSource: - To enable URLs as dynamic configuration sources, define System property archaius.configurationSource.additionalUrls or make config.properties available on classpath.
2019-06-26 09:23:52.658 INFO   [,]  [restartedMain] c.n.config.DynamicPropertyFactory: - DynamicPropertyFactory is initialized with configuration sources: com.netflix.config.ConcurrentCompositeConfiguration@1e55eef8
2019-06-26 09:23:55.084 INFO   [,]  [restartedMain] com.zaxxer.hikari.HikariDataSource: - HikariPool-1 - Starting...
2019-06-26 09:23:55.230 INFO   [,]  [restartedMain] com.zaxxer.hikari.HikariDataSource: - HikariPool-1 - Start completed.
2019-06-26 09:23:55.513 WARN   [,]  [restartedMain] o.s.c.n.a.ArchaiusAutoConfiguration: - No spring.application.name found, defaulting to 'application'
2019-06-26 09:23:55.515 WARN   [,]  [restartedMain] c.n.c.sources.URLConfigurationSource: - No URLs will be polled as dynamic configuration sources.
2019-06-26 09:23:55.516 INFO   [,]  [restartedMain] c.n.c.sources.URLConfigurationSource: - To enable URLs as dynamic configuration sources, define System property archaius.configurationSource.additionalUrls or make config.properties available on classpath.
2019-06-26 09:23:55.888 INFO   [,]  [restartedMain] o.s.s.c.ThreadPoolTaskExecutor: - Initializing ExecutorService 'applicationTaskExecutor'
2019-06-26 09:23:56.716 INFO   [,]  [restartedMain] o.s.b.d.a.OptionalLiveReloadServer: - LiveReload server is running on port 35729
2019-06-26 09:23:57.706 WARN   [,]  [restartedMain] o.s.c.n.core.CoreAutoConfiguration: - This module is deprecated. It will be removed in the next major release. Please use spring-cloud-netflix-hystrix instead.
2019-06-26 09:23:57.733 INFO   [,]  [restartedMain] o.s.b.a.e.web.EndpointLinksResolver: - Exposing 2 endpoint(s) beneath base path '/actuator'
2019-06-26 09:23:57.859 INFO   [,]  [restartedMain] o.s.c.n.eureka.InstanceInfoFactory: - Setting initial instance status as: STARTING
2019-06-26 09:23:57.894 INFO   [,]  [restartedMain] c.netflix.discovery.DiscoveryClient: - Initializing Eureka in region us-east-1
2019-06-26 09:23:58.007 INFO   [,]  [restartedMain] c.n.d.p.DiscoveryJerseyProvider: - Using JSON encoding codec LegacyJacksonJson
2019-06-26 09:23:58.008 INFO   [,]  [restartedMain] c.n.d.p.DiscoveryJerseyProvider: - Using JSON decoding codec LegacyJacksonJson
2019-06-26 09:23:58.169 INFO   [,]  [restartedMain] c.n.d.p.DiscoveryJerseyProvider: - Using XML encoding codec XStreamXml
2019-06-26 09:23:58.170 INFO   [,]  [restartedMain] c.n.d.p.DiscoveryJerseyProvider: - Using XML decoding codec XStreamXml
2019-06-26 09:23:58.485 INFO   [,]  [restartedMain] c.n.d.s.r.aws.ConfigClusterResolver: - Resolving eureka endpoints via configuration
2019-06-26 09:23:58.984 INFO   [,]  [restartedMain] c.netflix.discovery.DiscoveryClient: - Disable delta property : false
2019-06-26 09:23:58.985 INFO   [,]  [restartedMain] c.netflix.discovery.DiscoveryClient: - Single vip registry refresh property : null
2019-06-26 09:23:58.985 INFO   [,]  [restartedMain] c.netflix.discovery.DiscoveryClient: - Force full registry fetch : false
2019-06-26 09:23:58.985 INFO   [,]  [restartedMain] c.netflix.discovery.DiscoveryClient: - Application is null : false
2019-06-26 09:23:58.985 INFO   [,]  [restartedMain] c.netflix.discovery.DiscoveryClient: - Registered Applications size is zero : true
2019-06-26 09:23:58.986 INFO   [,]  [restartedMain] c.netflix.discovery.DiscoveryClient: - Application version is -1: true
2019-06-26 09:23:58.986 INFO   [,]  [restartedMain] c.netflix.discovery.DiscoveryClient: - Getting all instance registry info from the eureka server
2019-06-26 09:23:59.297 INFO   [,]  [restartedMain] c.netflix.discovery.DiscoveryClient: - The response status is 200
2019-06-26 09:23:59.300 INFO   [,]  [restartedMain] c.netflix.discovery.DiscoveryClient: - Starting heartbeat executor: renew interval is: 30
2019-06-26 09:23:59.303 INFO   [,]  [restartedMain] c.n.discovery.InstanceInfoReplicator: - InstanceInfoReplicator onDemand update allowed rate per min is 4
2019-06-26 09:23:59.307 INFO   [,]  [restartedMain] c.netflix.discovery.DiscoveryClient: - Discovery Client initialized at timestamp 1561512239306 with initial instances count: 1
2019-06-26 09:23:59.309 INFO   [,]  [restartedMain] o.s.c.n.e.s.EurekaServiceRegistry: - Registering application UNKNOWN with eureka with status UP
2019-06-26 09:23:59.310 INFO   [,]  [restartedMain] c.netflix.discovery.DiscoveryClient: - Saw local status change event StatusChangeEvent [timestamp=1561512239310, current=UP, previous=STARTING]
2019-06-26 09:23:59.313 INFO   [,]  [nfoReplicator-0] c.netflix.discovery.DiscoveryClient: - DiscoveryClient_UNKNOWN/DESKTOP-JESJ2F8:8190: registering service...
2019-06-26 09:23:59.363 INFO   [,]  [nfoReplicator-0] c.netflix.discovery.DiscoveryClient: - DiscoveryClient_UNKNOWN/DESKTOP-JESJ2F8:8190 - registration status: 204
2019-06-26 09:23:59.375 INFO   [,]  [restartedMain] o.s.b.w.e.tomcat.TomcatWebServer: - Tomcat started on port(s): 8190 (http) with context path '/demo-stock-center'
2019-06-26 09:23:59.377 INFO   [,]  [restartedMain] o.s.c.n.e.s.EurekaAutoServiceRegistration: - Updating port to 8190
2019-06-26 09:23:59.379 INFO   [,]  [restartedMain] c.z.s.s.DemoStockCenterProviderApplication: - Started DemoStockCenterProviderApplication in 11.621 seconds (JVM running for 13.405)
2019-06-26 09:23:59.850 INFO   [,]  [on(6)-127.0.0.1] o.s.a.r.c.CachingConnectionFactory: - Attempting to connect to: [localhost:5672]
2019-06-26 09:23:59.868 INFO   [,]  [on(4)-127.0.0.1] o.a.c.c.C.[.[.[/demo-stock-center]: - Initializing Spring DispatcherServlet 'dispatcherServlet'
2019-06-26 09:23:59.869 INFO   [,]  [on(4)-127.0.0.1] o.s.web.servlet.DispatcherServlet: - Initializing Servlet 'dispatcherServlet'
2019-06-26 09:23:59.878 INFO   [,]  [on(4)-127.0.0.1] o.s.web.servlet.DispatcherServlet: - Completed initialization in 9 ms
2019-06-26 09:24:01.897 WARN   [,]  [on(6)-127.0.0.1] o.s.b.a.amqp.RabbitHealthIndicator: - Rabbit health check failed
org.springframework.amqp.AmqpConnectException: java.net.ConnectException: Connection refused: connect
	at org.springframework.amqp.rabbit.support.RabbitExceptionTranslator.convertRabbitAccessException(RabbitExceptionTranslator.java:62)
	at org.springframework.amqp.rabbit.connection.AbstractConnectionFactory.createBareConnection(AbstractConnectionFactory.java:509)
	at org.springframework.amqp.rabbit.connection.CachingConnectionFactory.createConnection(CachingConnectionFactory.java:702)
	at org.springframework.amqp.rabbit.connection.ConnectionFactoryUtils.createConnection(ConnectionFactoryUtils.java:214)
	at org.springframework.amqp.rabbit.core.RabbitTemplate.doExecute(RabbitTemplate.java:2073)
	at org.springframework.amqp.rabbit.core.RabbitTemplate.execute(RabbitTemplate.java:2047)
	at org.springframework.amqp.rabbit.core.RabbitTemplate.execute(RabbitTemplate.java:2027)
	at org.springframework.boot.actuate.amqp.RabbitHealthIndicator.getVersion(RabbitHealthIndicator.java:49)
	at org.springframework.boot.actuate.amqp.RabbitHealthIndicator.doHealthCheck(RabbitHealthIndicator.java:44)
	at org.springframework.boot.actuate.health.AbstractHealthIndicator.health(AbstractHealthIndicator.java:82)
	at org.springframework.boot.actuate.health.CompositeHealthIndicator.health(CompositeHealthIndicator.java:95)
	at org.springframework.boot.actuate.health.HealthEndpoint.health(HealthEndpoint.java:50)
	at sun.reflect.NativeMethodAccessorImpl.invoke0(Native Method)
	at sun.reflect.NativeMethodAccessorImpl.invoke(NativeMethodAccessorImpl.java:62)
	at sun.reflect.DelegatingMethodAccessorImpl.invoke(DelegatingMethodAccessorImpl.java:43)
	at java.lang.reflect.Method.invoke(Method.java:498)
	at org.springframework.util.ReflectionUtils.invokeMethod(ReflectionUtils.java:282)
	at org.springframework.boot.actuate.endpoint.invoke.reflect.ReflectiveOperationInvoker.invoke(ReflectiveOperationInvoker.java:76)
	at org.springframework.boot.actuate.endpoint.annotation.AbstractDiscoveredOperation.invoke(AbstractDiscoveredOperation.java:60)
	at org.springframework.boot.actuate.endpoint.jmx.EndpointMBean.invoke(EndpointMBean.java:121)
	at org.springframework.boot.actuate.endpoint.jmx.EndpointMBean.invoke(EndpointMBean.java:96)
	at com.sun.jmx.interceptor.DefaultMBeanServerInterceptor.invoke(DefaultMBeanServerInterceptor.java:819)
	at com.sun.jmx.mbeanserver.JmxMBeanServer.invoke(JmxMBeanServer.java:801)
	at javax.management.remote.rmi.RMIConnectionImpl.doOperation(RMIConnectionImpl.java:1468)
	at javax.management.remote.rmi.RMIConnectionImpl.access$300(RMIConnectionImpl.java:76)
	at javax.management.remote.rmi.RMIConnectionImpl$PrivilegedOperation.run(RMIConnectionImpl.java:1309)
	at javax.management.remote.rmi.RMIConnectionImpl.doPrivilegedOperation(RMIConnectionImpl.java:1401)
	at javax.management.remote.rmi.RMIConnectionImpl.invoke(RMIConnectionImpl.java:829)
	at sun.reflect.GeneratedMethodAccessor80.invoke(Unknown Source)
	at sun.reflect.DelegatingMethodAccessorImpl.invoke(DelegatingMethodAccessorImpl.java:43)
	at java.lang.reflect.Method.invoke(Method.java:498)
	at sun.rmi.server.UnicastServerRef.dispatch(UnicastServerRef.java:324)
	at sun.rmi.transport.Transport$1.run(Transport.java:200)
	at sun.rmi.transport.Transport$1.run(Transport.java:197)
	at java.security.AccessController.doPrivileged(Native Method)
	at sun.rmi.transport.Transport.serviceCall(Transport.java:196)
	at sun.rmi.transport.tcp.TCPTransport.handleMessages(TCPTransport.java:568)
	at sun.rmi.transport.tcp.TCPTransport$ConnectionHandler.run0(TCPTransport.java:826)
	at sun.rmi.transport.tcp.TCPTransport$ConnectionHandler.lambda$run$0(TCPTransport.java:683)
	at java.security.AccessController.doPrivileged(Native Method)
	at sun.rmi.transport.tcp.TCPTransport$ConnectionHandler.run(TCPTransport.java:682)
	at java.util.concurrent.ThreadPoolExecutor.runWorker(ThreadPoolExecutor.java:1142)
	at java.util.concurrent.ThreadPoolExecutor$Worker.run(ThreadPoolExecutor.java:617)
	at java.lang.Thread.run(Thread.java:745)
Caused by: java.net.ConnectException: Connection refused: connect
	at java.net.DualStackPlainSocketImpl.waitForConnect(Native Method)
	at java.net.DualStackPlainSocketImpl.socketConnect(DualStackPlainSocketImpl.java:85)
	at java.net.AbstractPlainSocketImpl.doConnect(AbstractPlainSocketImpl.java:350)
	at java.net.AbstractPlainSocketImpl.connectToAddress(AbstractPlainSocketImpl.java:206)
	at java.net.AbstractPlainSocketImpl.connect(AbstractPlainSocketImpl.java:188)
	at java.net.PlainSocketImpl.connect(PlainSocketImpl.java:172)
	at java.net.SocksSocketImpl.connect(SocksSocketImpl.java:392)
	at java.net.Socket.connect(Socket.java:589)
	at com.rabbitmq.client.impl.SocketFrameHandlerFactory.create(SocketFrameHandlerFactory.java:60)
	at com.rabbitmq.client.ConnectionFactory.newConnection(ConnectionFactory.java:1102)
	at com.rabbitmq.client.ConnectionFactory.newConnection(ConnectionFactory.java:1054)
	at com.rabbitmq.client.ConnectionFactory.newConnection(ConnectionFactory.java:994)
	at org.springframework.amqp.rabbit.connection.AbstractConnectionFactory.createBareConnection(AbstractConnectionFactory.java:462)
	... 42 common frames omitted
2019-06-26 09:26:17.201 INFO   [,]  [Thread-36] o.s.c.n.e.s.EurekaServiceRegistry: - Unregistering application UNKNOWN with eureka with status DOWN
2019-06-26 09:26:17.203 WARN   [,]  [Thread-36] c.netflix.discovery.DiscoveryClient: - Saw local status change event StatusChangeEvent [timestamp=1561512377203, current=DOWN, previous=UP]
2019-06-26 09:26:17.204 INFO   [,]  [nfoReplicator-0] c.netflix.discovery.DiscoveryClient: - DiscoveryClient_UNKNOWN/DESKTOP-JESJ2F8:8190: registering service...
2019-06-26 09:26:17.217 INFO   [,]  [nfoReplicator-0] c.netflix.discovery.DiscoveryClient: - DiscoveryClient_UNKNOWN/DESKTOP-JESJ2F8:8190 - registration status: 204
2019-06-26 09:26:17.229 INFO   [,]  [Thread-36] o.s.s.c.ThreadPoolTaskExecutor: - Shutting down ExecutorService 'applicationTaskExecutor'
2019-06-26 09:26:17.236 INFO   [,]  [Thread-36] c.netflix.discovery.DiscoveryClient: - Shutting down DiscoveryClient ...
2019-06-26 09:26:23.315 INFO   [,]  [restartedMain] o.s.b.d.e.DevToolsPropertyDefaultsPostProcessor: - Devtools property defaults active! Set 'spring.devtools.add-properties' to 'false' to disable
2019-06-26 09:26:23.515 INFO   [,]  [restartedMain] o.s.c.s.PostProcessorRegistrationDelegate$BeanPostProcessorChecker: - Bean 'org.springframework.cloud.autoconfigure.ConfigurationPropertiesRebinderAutoConfiguration' of type [org.springframework.cloud.autoconfigure.ConfigurationPropertiesRebinderAutoConfiguration$$EnhancerBySpringCGLIB$$c18dfc6a] is not eligible for getting processed by all BeanPostProcessors (for example: not eligible for auto-proxying)
2019-06-26 09:26:24.529 INFO   [,]  [restartedMain] c.z.s.s.DemoStockCenterProviderApplication: - The following profiles are active: dev
2019-06-26 09:26:25.506 WARN   [,]  [restartedMain] o.s.boot.actuate.endpoint.EndpointId: - Endpoint ID 'service-registry' contains invalid characters, please migrate to a valid format.
2019-06-26 09:26:25.682 INFO   [,]  [restartedMain] o.s.cloud.context.scope.GenericScope: - BeanFactory id=257e77b5-3f4c-3cd5-b284-60e4ec8ce1f7
2019-06-26 09:26:25.773 INFO   [,]  [restartedMain] o.s.c.s.PostProcessorRegistrationDelegate$BeanPostProcessorChecker: - Bean 'org.springframework.transaction.annotation.ProxyTransactionManagementConfiguration' of type [org.springframework.transaction.annotation.ProxyTransactionManagementConfiguration$$EnhancerBySpringCGLIB$$a573f96d] is not eligible for getting processed by all BeanPostProcessors (for example: not eligible for auto-proxying)
2019-06-26 09:26:25.793 INFO   [,]  [restartedMain] o.s.c.s.PostProcessorRegistrationDelegate$BeanPostProcessorChecker: - Bean 'org.springframework.cloud.autoconfigure.ConfigurationPropertiesRebinderAutoConfiguration' of type [org.springframework.cloud.autoconfigure.ConfigurationPropertiesRebinderAutoConfiguration$$EnhancerBySpringCGLIB$$c18dfc6a] is not eligible for getting processed by all BeanPostProcessors (for example: not eligible for auto-proxying)
2019-06-26 09:26:26.297 INFO   [,]  [restartedMain] o.s.b.w.e.tomcat.TomcatWebServer: - Tomcat initialized with port(s): 8190 (http)
2019-06-26 09:26:26.318 INFO   [,]  [restartedMain] o.a.catalina.core.StandardService: - Starting service [Tomcat]
2019-06-26 09:26:26.319 INFO   [,]  [restartedMain] o.a.catalina.core.StandardEngine: - Starting Servlet engine: [Apache Tomcat/9.0.21]
2019-06-26 09:26:26.483 INFO   [,]  [restartedMain] o.a.c.c.C.[.[.[/demo-stock-center]: - Initializing Spring embedded WebApplicationContext
2019-06-26 09:26:26.483 INFO   [,]  [restartedMain] o.s.web.context.ContextLoader: - Root WebApplicationContext: initialization completed in 1941 ms
2019-06-26 09:26:26.589 WARN   [,]  [restartedMain] c.n.c.sources.URLConfigurationSource: - No URLs will be polled as dynamic configuration sources.
2019-06-26 09:26:26.589 INFO   [,]  [restartedMain] c.n.c.sources.URLConfigurationSource: - To enable URLs as dynamic configuration sources, define System property archaius.configurationSource.additionalUrls or make config.properties available on classpath.
2019-06-26 09:26:26.599 INFO   [,]  [restartedMain] c.n.config.DynamicPropertyFactory: - DynamicPropertyFactory is initialized with configuration sources: com.netflix.config.ConcurrentCompositeConfiguration@1272a45b
2019-06-26 09:26:28.974 INFO   [,]  [restartedMain] com.zaxxer.hikari.HikariDataSource: - HikariPool-1 - Starting...
2019-06-26 09:26:29.071 INFO   [,]  [restartedMain] com.zaxxer.hikari.HikariDataSource: - HikariPool-1 - Start completed.
2019-06-26 09:26:29.229 WARN   [,]  [restartedMain] c.n.c.sources.URLConfigurationSource: - No URLs will be polled as dynamic configuration sources.
2019-06-26 09:26:29.230 INFO   [,]  [restartedMain] c.n.c.sources.URLConfigurationSource: - To enable URLs as dynamic configuration sources, define System property archaius.configurationSource.additionalUrls or make config.properties available on classpath.
2019-06-26 09:26:29.400 INFO   [,]  [restartedMain] o.s.s.c.ThreadPoolTaskExecutor: - Initializing ExecutorService 'applicationTaskExecutor'
2019-06-26 09:26:29.903 INFO   [,]  [restartedMain] o.s.b.d.a.OptionalLiveReloadServer: - LiveReload server is running on port 35729
2019-06-26 09:26:30.877 WARN   [,]  [restartedMain] o.s.c.n.core.CoreAutoConfiguration: - This module is deprecated. It will be removed in the next major release. Please use spring-cloud-netflix-hystrix instead.
2019-06-26 09:26:30.897 INFO   [,]  [restartedMain] o.s.b.a.e.web.EndpointLinksResolver: - Exposing 2 endpoint(s) beneath base path '/actuator'
2019-06-26 09:26:31.017 INFO   [,]  [restartedMain] o.s.c.n.eureka.InstanceInfoFactory: - Setting initial instance status as: STARTING
2019-06-26 09:26:31.046 INFO   [,]  [restartedMain] c.netflix.discovery.DiscoveryClient: - Initializing Eureka in region us-east-1
2019-06-26 09:26:31.143 INFO   [,]  [restartedMain] c.n.d.p.DiscoveryJerseyProvider: - Using JSON encoding codec LegacyJacksonJson
2019-06-26 09:26:31.143 INFO   [,]  [restartedMain] c.n.d.p.DiscoveryJerseyProvider: - Using JSON decoding codec LegacyJacksonJson
2019-06-26 09:26:31.264 INFO   [,]  [restartedMain] c.n.d.p.DiscoveryJerseyProvider: - Using XML encoding codec XStreamXml
2019-06-26 09:26:31.265 INFO   [,]  [restartedMain] c.n.d.p.DiscoveryJerseyProvider: - Using XML decoding codec XStreamXml
2019-06-26 09:26:31.508 INFO   [,]  [restartedMain] c.n.d.s.r.aws.ConfigClusterResolver: - Resolving eureka endpoints via configuration
2019-06-26 09:26:31.976 INFO   [,]  [restartedMain] c.netflix.discovery.DiscoveryClient: - Disable delta property : false
2019-06-26 09:26:31.976 INFO   [,]  [restartedMain] c.netflix.discovery.DiscoveryClient: - Single vip registry refresh property : null
2019-06-26 09:26:31.976 INFO   [,]  [restartedMain] c.netflix.discovery.DiscoveryClient: - Force full registry fetch : false
2019-06-26 09:26:31.976 INFO   [,]  [restartedMain] c.netflix.discovery.DiscoveryClient: - Application is null : false
2019-06-26 09:26:31.977 INFO   [,]  [restartedMain] c.netflix.discovery.DiscoveryClient: - Registered Applications size is zero : true
2019-06-26 09:26:31.977 INFO   [,]  [restartedMain] c.netflix.discovery.DiscoveryClient: - Application version is -1: true
2019-06-26 09:26:31.977 INFO   [,]  [restartedMain] c.netflix.discovery.DiscoveryClient: - Getting all instance registry info from the eureka server
2019-06-26 09:26:32.124 INFO   [,]  [restartedMain] c.netflix.discovery.DiscoveryClient: - The response status is 200
2019-06-26 09:26:32.127 INFO   [,]  [restartedMain] c.netflix.discovery.DiscoveryClient: - Starting heartbeat executor: renew interval is: 30
2019-06-26 09:26:32.129 INFO   [,]  [restartedMain] c.n.discovery.InstanceInfoReplicator: - InstanceInfoReplicator onDemand update allowed rate per min is 4
2019-06-26 09:26:32.132 INFO   [,]  [restartedMain] c.netflix.discovery.DiscoveryClient: - Discovery Client initialized at timestamp 1561512392131 with initial instances count: 2
2019-06-26 09:26:32.134 INFO   [,]  [restartedMain] o.s.c.n.e.s.EurekaServiceRegistry: - Registering application DEMO-STOCK-CENTER with eureka with status UP
2019-06-26 09:26:32.135 INFO   [,]  [restartedMain] c.netflix.discovery.DiscoveryClient: - Saw local status change event StatusChangeEvent [timestamp=1561512392135, current=UP, previous=STARTING]
2019-06-26 09:26:32.137 INFO   [,]  [nfoReplicator-0] c.netflix.discovery.DiscoveryClient: - DiscoveryClient_DEMO-STOCK-CENTER/DESKTOP-JESJ2F8:demo-stock-center:8190: registering service...
2019-06-26 09:26:32.171 INFO   [,]  [nfoReplicator-0] c.netflix.discovery.DiscoveryClient: - DiscoveryClient_DEMO-STOCK-CENTER/DESKTOP-JESJ2F8:demo-stock-center:8190 - registration status: 204
2019-06-26 09:26:32.179 INFO   [,]  [restartedMain] o.s.b.w.e.tomcat.TomcatWebServer: - Tomcat started on port(s): 8190 (http) with context path '/demo-stock-center'
2019-06-26 09:26:32.180 INFO   [,]  [restartedMain] o.s.c.n.e.s.EurekaAutoServiceRegistration: - Updating port to 8190
2019-06-26 09:26:32.183 INFO   [,]  [restartedMain] c.z.s.s.DemoStockCenterProviderApplication: - Started DemoStockCenterProviderApplication in 10.362 seconds (JVM running for 12.102)
2019-06-26 09:26:32.948 INFO   [,]  [on(4)-127.0.0.1] o.s.a.r.c.CachingConnectionFactory: - Attempting to connect to: [localhost:5672]
2019-06-26 09:26:32.952 INFO   [,]  [on(2)-127.0.0.1] o.a.c.c.C.[.[.[/demo-stock-center]: - Initializing Spring DispatcherServlet 'dispatcherServlet'
2019-06-26 09:26:32.953 INFO   [,]  [on(2)-127.0.0.1] o.s.web.servlet.DispatcherServlet: - Initializing Servlet 'dispatcherServlet'
2019-06-26 09:26:32.961 INFO   [,]  [on(2)-127.0.0.1] o.s.web.servlet.DispatcherServlet: - Completed initialization in 8 ms
2019-06-26 09:26:34.979 WARN   [,]  [on(4)-127.0.0.1] o.s.b.a.amqp.RabbitHealthIndicator: - Rabbit health check failed
org.springframework.amqp.AmqpConnectException: java.net.ConnectException: Connection refused: connect
	at org.springframework.amqp.rabbit.support.RabbitExceptionTranslator.convertRabbitAccessException(RabbitExceptionTranslator.java:62)
	at org.springframework.amqp.rabbit.connection.AbstractConnectionFactory.createBareConnection(AbstractConnectionFactory.java:509)
	at org.springframework.amqp.rabbit.connection.CachingConnectionFactory.createConnection(CachingConnectionFactory.java:702)
	at org.springframework.amqp.rabbit.connection.ConnectionFactoryUtils.createConnection(ConnectionFactoryUtils.java:214)
	at org.springframework.amqp.rabbit.core.RabbitTemplate.doExecute(RabbitTemplate.java:2073)
	at org.springframework.amqp.rabbit.core.RabbitTemplate.execute(RabbitTemplate.java:2047)
	at org.springframework.amqp.rabbit.core.RabbitTemplate.execute(RabbitTemplate.java:2027)
	at org.springframework.boot.actuate.amqp.RabbitHealthIndicator.getVersion(RabbitHealthIndicator.java:49)
	at org.springframework.boot.actuate.amqp.RabbitHealthIndicator.doHealthCheck(RabbitHealthIndicator.java:44)
	at org.springframework.boot.actuate.health.AbstractHealthIndicator.health(AbstractHealthIndicator.java:82)
	at org.springframework.boot.actuate.health.CompositeHealthIndicator.health(CompositeHealthIndicator.java:95)
	at org.springframework.boot.actuate.health.HealthEndpoint.health(HealthEndpoint.java:50)
	at sun.reflect.NativeMethodAccessorImpl.invoke0(Native Method)
	at sun.reflect.NativeMethodAccessorImpl.invoke(NativeMethodAccessorImpl.java:62)
	at sun.reflect.DelegatingMethodAccessorImpl.invoke(DelegatingMethodAccessorImpl.java:43)
	at java.lang.reflect.Method.invoke(Method.java:498)
	at org.springframework.util.ReflectionUtils.invokeMethod(ReflectionUtils.java:282)
	at org.springframework.boot.actuate.endpoint.invoke.reflect.ReflectiveOperationInvoker.invoke(ReflectiveOperationInvoker.java:76)
	at org.springframework.boot.actuate.endpoint.annotation.AbstractDiscoveredOperation.invoke(AbstractDiscoveredOperation.java:60)
	at org.springframework.boot.actuate.endpoint.jmx.EndpointMBean.invoke(EndpointMBean.java:121)
	at org.springframework.boot.actuate.endpoint.jmx.EndpointMBean.invoke(EndpointMBean.java:96)
	at com.sun.jmx.interceptor.DefaultMBeanServerInterceptor.invoke(DefaultMBeanServerInterceptor.java:819)
	at com.sun.jmx.mbeanserver.JmxMBeanServer.invoke(JmxMBeanServer.java:801)
	at javax.management.remote.rmi.RMIConnectionImpl.doOperation(RMIConnectionImpl.java:1468)
	at javax.management.remote.rmi.RMIConnectionImpl.access$300(RMIConnectionImpl.java:76)
	at javax.management.remote.rmi.RMIConnectionImpl$PrivilegedOperation.run(RMIConnectionImpl.java:1309)
	at javax.management.remote.rmi.RMIConnectionImpl.doPrivilegedOperation(RMIConnectionImpl.java:1401)
	at javax.management.remote.rmi.RMIConnectionImpl.invoke(RMIConnectionImpl.java:829)
	at sun.reflect.GeneratedMethodAccessor80.invoke(Unknown Source)
	at sun.reflect.DelegatingMethodAccessorImpl.invoke(DelegatingMethodAccessorImpl.java:43)
	at java.lang.reflect.Method.invoke(Method.java:498)
	at sun.rmi.server.UnicastServerRef.dispatch(UnicastServerRef.java:324)
	at sun.rmi.transport.Transport$1.run(Transport.java:200)
	at sun.rmi.transport.Transport$1.run(Transport.java:197)
	at java.security.AccessController.doPrivileged(Native Method)
	at sun.rmi.transport.Transport.serviceCall(Transport.java:196)
	at sun.rmi.transport.tcp.TCPTransport.handleMessages(TCPTransport.java:568)
	at sun.rmi.transport.tcp.TCPTransport$ConnectionHandler.run0(TCPTransport.java:826)
	at sun.rmi.transport.tcp.TCPTransport$ConnectionHandler.lambda$run$0(TCPTransport.java:683)
	at java.security.AccessController.doPrivileged(Native Method)
	at sun.rmi.transport.tcp.TCPTransport$ConnectionHandler.run(TCPTransport.java:682)
	at java.util.concurrent.ThreadPoolExecutor.runWorker(ThreadPoolExecutor.java:1142)
	at java.util.concurrent.ThreadPoolExecutor$Worker.run(ThreadPoolExecutor.java:617)
	at java.lang.Thread.run(Thread.java:745)
Caused by: java.net.ConnectException: Connection refused: connect
	at java.net.DualStackPlainSocketImpl.waitForConnect(Native Method)
	at java.net.DualStackPlainSocketImpl.socketConnect(DualStackPlainSocketImpl.java:85)
	at java.net.AbstractPlainSocketImpl.doConnect(AbstractPlainSocketImpl.java:350)
	at java.net.AbstractPlainSocketImpl.connectToAddress(AbstractPlainSocketImpl.java:206)
	at java.net.AbstractPlainSocketImpl.connect(AbstractPlainSocketImpl.java:188)
	at java.net.PlainSocketImpl.connect(PlainSocketImpl.java:172)
	at java.net.SocksSocketImpl.connect(SocksSocketImpl.java:392)
	at java.net.Socket.connect(Socket.java:589)
	at com.rabbitmq.client.impl.SocketFrameHandlerFactory.create(SocketFrameHandlerFactory.java:60)
	at com.rabbitmq.client.ConnectionFactory.newConnection(ConnectionFactory.java:1102)
	at com.rabbitmq.client.ConnectionFactory.newConnection(ConnectionFactory.java:1054)
	at com.rabbitmq.client.ConnectionFactory.newConnection(ConnectionFactory.java:994)
	at org.springframework.amqp.rabbit.connection.AbstractConnectionFactory.createBareConnection(AbstractConnectionFactory.java:462)
	... 42 common frames omitted
2019-06-26 09:28:25.406 INFO   [,]  [Thread-33] o.s.c.n.e.s.EurekaServiceRegistry: - Unregistering application DEMO-STOCK-CENTER with eureka with status DOWN
2019-06-26 09:28:25.408 WARN   [,]  [Thread-33] c.netflix.discovery.DiscoveryClient: - Saw local status change event StatusChangeEvent [timestamp=1561512505408, current=DOWN, previous=UP]
2019-06-26 09:28:25.411 INFO   [,]  [nfoReplicator-0] c.netflix.discovery.DiscoveryClient: - DiscoveryClient_DEMO-STOCK-CENTER/DESKTOP-JESJ2F8:demo-stock-center:8190: registering service...
2019-06-26 09:28:25.427 INFO   [,]  [nfoReplicator-0] c.netflix.discovery.DiscoveryClient: - DiscoveryClient_DEMO-STOCK-CENTER/DESKTOP-JESJ2F8:demo-stock-center:8190 - registration status: 204
2019-06-26 09:28:25.434 INFO   [,]  [Thread-33] o.s.s.c.ThreadPoolTaskExecutor: - Shutting down ExecutorService 'applicationTaskExecutor'
2019-06-26 09:28:25.439 INFO   [,]  [Thread-33] c.netflix.discovery.DiscoveryClient: - Shutting down DiscoveryClient ...
2019-06-26 09:30:18.053 INFO   [,]  [restartedMain] o.s.b.d.e.DevToolsPropertyDefaultsPostProcessor: - Devtools property defaults active! Set 'spring.devtools.add-properties' to 'false' to disable
2019-06-26 09:30:18.255 INFO   [,]  [restartedMain] o.s.c.s.PostProcessorRegistrationDelegate$BeanPostProcessorChecker: - Bean 'org.springframework.cloud.autoconfigure.ConfigurationPropertiesRebinderAutoConfiguration' of type [org.springframework.cloud.autoconfigure.ConfigurationPropertiesRebinderAutoConfiguration$$EnhancerBySpringCGLIB$$a814058f] is not eligible for getting processed by all BeanPostProcessors (for example: not eligible for auto-proxying)
2019-06-26 09:30:19.240 INFO   [,]  [restartedMain] c.z.s.s.DemoStockCenterProviderApplication: - The following profiles are active: dev
2019-06-26 09:30:20.252 WARN   [,]  [restartedMain] o.s.boot.actuate.endpoint.EndpointId: - Endpoint ID 'service-registry' contains invalid characters, please migrate to a valid format.
2019-06-26 09:30:20.430 INFO   [,]  [restartedMain] o.s.cloud.context.scope.GenericScope: - BeanFactory id=257e77b5-3f4c-3cd5-b284-60e4ec8ce1f7
2019-06-26 09:30:20.525 INFO   [,]  [restartedMain] o.s.c.s.PostProcessorRegistrationDelegate$BeanPostProcessorChecker: - Bean 'org.springframework.transaction.annotation.ProxyTransactionManagementConfiguration' of type [org.springframework.transaction.annotation.ProxyTransactionManagementConfiguration$$EnhancerBySpringCGLIB$$8bfa0292] is not eligible for getting processed by all BeanPostProcessors (for example: not eligible for auto-proxying)
2019-06-26 09:30:20.546 INFO   [,]  [restartedMain] o.s.c.s.PostProcessorRegistrationDelegate$BeanPostProcessorChecker: - Bean 'org.springframework.cloud.autoconfigure.ConfigurationPropertiesRebinderAutoConfiguration' of type [org.springframework.cloud.autoconfigure.ConfigurationPropertiesRebinderAutoConfiguration$$EnhancerBySpringCGLIB$$a814058f] is not eligible for getting processed by all BeanPostProcessors (for example: not eligible for auto-proxying)
2019-06-26 09:30:21.040 INFO   [,]  [restartedMain] o.s.b.w.e.tomcat.TomcatWebServer: - Tomcat initialized with port(s): 8190 (http)
2019-06-26 09:30:21.061 INFO   [,]  [restartedMain] o.a.catalina.core.StandardService: - Starting service [Tomcat]
2019-06-26 09:30:21.061 INFO   [,]  [restartedMain] o.a.catalina.core.StandardEngine: - Starting Servlet engine: [Apache Tomcat/9.0.21]
2019-06-26 09:30:21.224 INFO   [,]  [restartedMain] o.a.c.c.C.[.[.[/demo-stock-center]: - Initializing Spring embedded WebApplicationContext
2019-06-26 09:30:21.224 INFO   [,]  [restartedMain] o.s.web.context.ContextLoader: - Root WebApplicationContext: initialization completed in 1971 ms
2019-06-26 09:30:21.317 WARN   [,]  [restartedMain] c.n.c.sources.URLConfigurationSource: - No URLs will be polled as dynamic configuration sources.
2019-06-26 09:30:21.318 INFO   [,]  [restartedMain] c.n.c.sources.URLConfigurationSource: - To enable URLs as dynamic configuration sources, define System property archaius.configurationSource.additionalUrls or make config.properties available on classpath.
2019-06-26 09:30:21.327 INFO   [,]  [restartedMain] c.n.config.DynamicPropertyFactory: - DynamicPropertyFactory is initialized with configuration sources: com.netflix.config.ConcurrentCompositeConfiguration@26ac74a0
2019-06-26 09:30:23.740 INFO   [,]  [restartedMain] com.zaxxer.hikari.HikariDataSource: - HikariPool-1 - Starting...
2019-06-26 09:30:23.838 INFO   [,]  [restartedMain] com.zaxxer.hikari.HikariDataSource: - HikariPool-1 - Start completed.
2019-06-26 09:30:23.996 WARN   [,]  [restartedMain] c.n.c.sources.URLConfigurationSource: - No URLs will be polled as dynamic configuration sources.
2019-06-26 09:30:23.997 INFO   [,]  [restartedMain] c.n.c.sources.URLConfigurationSource: - To enable URLs as dynamic configuration sources, define System property archaius.configurationSource.additionalUrls or make config.properties available on classpath.
2019-06-26 09:30:24.163 INFO   [,]  [restartedMain] o.s.s.c.ThreadPoolTaskExecutor: - Initializing ExecutorService 'applicationTaskExecutor'
2019-06-26 09:30:24.669 INFO   [,]  [restartedMain] o.s.b.d.a.OptionalLiveReloadServer: - LiveReload server is running on port 35729
2019-06-26 09:30:25.609 WARN   [,]  [restartedMain] o.s.c.n.core.CoreAutoConfiguration: - This module is deprecated. It will be removed in the next major release. Please use spring-cloud-netflix-hystrix instead.
2019-06-26 09:30:25.628 INFO   [,]  [restartedMain] o.s.b.a.e.web.EndpointLinksResolver: - Exposing 2 endpoint(s) beneath base path '/actuator'
2019-06-26 09:30:25.754 INFO   [,]  [restartedMain] o.s.c.n.eureka.InstanceInfoFactory: - Setting initial instance status as: STARTING
2019-06-26 09:30:25.781 INFO   [,]  [restartedMain] c.netflix.discovery.DiscoveryClient: - Initializing Eureka in region us-east-1
2019-06-26 09:30:25.880 INFO   [,]  [restartedMain] c.n.d.p.DiscoveryJerseyProvider: - Using JSON encoding codec LegacyJacksonJson
2019-06-26 09:30:25.881 INFO   [,]  [restartedMain] c.n.d.p.DiscoveryJerseyProvider: - Using JSON decoding codec LegacyJacksonJson
2019-06-26 09:30:26.012 INFO   [,]  [restartedMain] c.n.d.p.DiscoveryJerseyProvider: - Using XML encoding codec XStreamXml
2019-06-26 09:30:26.012 INFO   [,]  [restartedMain] c.n.d.p.DiscoveryJerseyProvider: - Using XML decoding codec XStreamXml
2019-06-26 09:30:26.271 INFO   [,]  [restartedMain] c.n.d.s.r.aws.ConfigClusterResolver: - Resolving eureka endpoints via configuration
2019-06-26 09:30:26.724 INFO   [,]  [restartedMain] c.netflix.discovery.DiscoveryClient: - Disable delta property : false
2019-06-26 09:30:26.725 INFO   [,]  [restartedMain] c.netflix.discovery.DiscoveryClient: - Single vip registry refresh property : null
2019-06-26 09:30:26.725 INFO   [,]  [restartedMain] c.netflix.discovery.DiscoveryClient: - Force full registry fetch : false
2019-06-26 09:30:26.725 INFO   [,]  [restartedMain] c.netflix.discovery.DiscoveryClient: - Application is null : false
2019-06-26 09:30:26.725 INFO   [,]  [restartedMain] c.netflix.discovery.DiscoveryClient: - Registered Applications size is zero : true
2019-06-26 09:30:26.726 INFO   [,]  [restartedMain] c.netflix.discovery.DiscoveryClient: - Application version is -1: true
2019-06-26 09:30:26.726 INFO   [,]  [restartedMain] c.netflix.discovery.DiscoveryClient: - Getting all instance registry info from the eureka server
2019-06-26 09:30:26.885 INFO   [,]  [restartedMain] c.netflix.discovery.DiscoveryClient: - The response status is 200
2019-06-26 09:30:26.888 INFO   [,]  [restartedMain] c.netflix.discovery.DiscoveryClient: - Starting heartbeat executor: renew interval is: 30
2019-06-26 09:30:26.891 INFO   [,]  [restartedMain] c.n.discovery.InstanceInfoReplicator: - InstanceInfoReplicator onDemand update allowed rate per min is 4
2019-06-26 09:30:26.893 INFO   [,]  [restartedMain] c.netflix.discovery.DiscoveryClient: - Discovery Client initialized at timestamp 1561512626893 with initial instances count: 1
2019-06-26 09:30:26.895 INFO   [,]  [restartedMain] o.s.c.n.e.s.EurekaServiceRegistry: - Registering application DEMO-STOCK-CENTER with eureka with status UP
2019-06-26 09:30:26.896 INFO   [,]  [restartedMain] c.netflix.discovery.DiscoveryClient: - Saw local status change event StatusChangeEvent [timestamp=1561512626896, current=UP, previous=STARTING]
2019-06-26 09:30:26.898 INFO   [,]  [nfoReplicator-0] c.netflix.discovery.DiscoveryClient: - DiscoveryClient_DEMO-STOCK-CENTER/DESKTOP-JESJ2F8:demo-stock-center:8190: registering service...
2019-06-26 09:30:26.942 INFO   [,]  [nfoReplicator-0] c.netflix.discovery.DiscoveryClient: - DiscoveryClient_DEMO-STOCK-CENTER/DESKTOP-JESJ2F8:demo-stock-center:8190 - registration status: 204
2019-06-26 09:30:26.946 INFO   [,]  [restartedMain] o.s.b.w.e.tomcat.TomcatWebServer: - Tomcat started on port(s): 8190 (http) with context path '/demo-stock-center'
2019-06-26 09:30:26.948 INFO   [,]  [restartedMain] o.s.c.n.e.s.EurekaAutoServiceRegistration: - Updating port to 8190
2019-06-26 09:30:26.949 INFO   [,]  [restartedMain] c.z.s.s.DemoStockCenterProviderApplication: - Started DemoStockCenterProviderApplication in 10.352 seconds (JVM running for 12.117)
2019-06-26 09:30:27.323 INFO   [,]  [on(4)-127.0.0.1] o.s.a.r.c.CachingConnectionFactory: - Attempting to connect to: [localhost:5672]
2019-06-26 09:30:27.328 INFO   [,]  [on(2)-127.0.0.1] o.a.c.c.C.[.[.[/demo-stock-center]: - Initializing Spring DispatcherServlet 'dispatcherServlet'
2019-06-26 09:30:27.328 INFO   [,]  [on(2)-127.0.0.1] o.s.web.servlet.DispatcherServlet: - Initializing Servlet 'dispatcherServlet'
2019-06-26 09:30:27.337 INFO   [,]  [on(2)-127.0.0.1] o.s.web.servlet.DispatcherServlet: - Completed initialization in 9 ms
2019-06-26 09:30:29.353 WARN   [,]  [on(4)-127.0.0.1] o.s.b.a.amqp.RabbitHealthIndicator: - Rabbit health check failed
org.springframework.amqp.AmqpConnectException: java.net.ConnectException: Connection refused: connect
	at org.springframework.amqp.rabbit.support.RabbitExceptionTranslator.convertRabbitAccessException(RabbitExceptionTranslator.java:62)
	at org.springframework.amqp.rabbit.connection.AbstractConnectionFactory.createBareConnection(AbstractConnectionFactory.java:509)
	at org.springframework.amqp.rabbit.connection.CachingConnectionFactory.createConnection(CachingConnectionFactory.java:702)
	at org.springframework.amqp.rabbit.connection.ConnectionFactoryUtils.createConnection(ConnectionFactoryUtils.java:214)
	at org.springframework.amqp.rabbit.core.RabbitTemplate.doExecute(RabbitTemplate.java:2073)
	at org.springframework.amqp.rabbit.core.RabbitTemplate.execute(RabbitTemplate.java:2047)
	at org.springframework.amqp.rabbit.core.RabbitTemplate.execute(RabbitTemplate.java:2027)
	at org.springframework.boot.actuate.amqp.RabbitHealthIndicator.getVersion(RabbitHealthIndicator.java:49)
	at org.springframework.boot.actuate.amqp.RabbitHealthIndicator.doHealthCheck(RabbitHealthIndicator.java:44)
	at org.springframework.boot.actuate.health.AbstractHealthIndicator.health(AbstractHealthIndicator.java:82)
	at org.springframework.boot.actuate.health.CompositeHealthIndicator.health(CompositeHealthIndicator.java:95)
	at org.springframework.boot.actuate.health.HealthEndpoint.health(HealthEndpoint.java:50)
	at sun.reflect.NativeMethodAccessorImpl.invoke0(Native Method)
	at sun.reflect.NativeMethodAccessorImpl.invoke(NativeMethodAccessorImpl.java:62)
	at sun.reflect.DelegatingMethodAccessorImpl.invoke(DelegatingMethodAccessorImpl.java:43)
	at java.lang.reflect.Method.invoke(Method.java:498)
	at org.springframework.util.ReflectionUtils.invokeMethod(ReflectionUtils.java:282)
	at org.springframework.boot.actuate.endpoint.invoke.reflect.ReflectiveOperationInvoker.invoke(ReflectiveOperationInvoker.java:76)
	at org.springframework.boot.actuate.endpoint.annotation.AbstractDiscoveredOperation.invoke(AbstractDiscoveredOperation.java:60)
	at org.springframework.boot.actuate.endpoint.jmx.EndpointMBean.invoke(EndpointMBean.java:121)
	at org.springframework.boot.actuate.endpoint.jmx.EndpointMBean.invoke(EndpointMBean.java:96)
	at com.sun.jmx.interceptor.DefaultMBeanServerInterceptor.invoke(DefaultMBeanServerInterceptor.java:819)
	at com.sun.jmx.mbeanserver.JmxMBeanServer.invoke(JmxMBeanServer.java:801)
	at javax.management.remote.rmi.RMIConnectionImpl.doOperation(RMIConnectionImpl.java:1468)
	at javax.management.remote.rmi.RMIConnectionImpl.access$300(RMIConnectionImpl.java:76)
	at javax.management.remote.rmi.RMIConnectionImpl$PrivilegedOperation.run(RMIConnectionImpl.java:1309)
	at javax.management.remote.rmi.RMIConnectionImpl.doPrivilegedOperation(RMIConnectionImpl.java:1401)
	at javax.management.remote.rmi.RMIConnectionImpl.invoke(RMIConnectionImpl.java:829)
	at sun.reflect.GeneratedMethodAccessor80.invoke(Unknown Source)
	at sun.reflect.DelegatingMethodAccessorImpl.invoke(DelegatingMethodAccessorImpl.java:43)
	at java.lang.reflect.Method.invoke(Method.java:498)
	at sun.rmi.server.UnicastServerRef.dispatch(UnicastServerRef.java:324)
	at sun.rmi.transport.Transport$1.run(Transport.java:200)
	at sun.rmi.transport.Transport$1.run(Transport.java:197)
	at java.security.AccessController.doPrivileged(Native Method)
	at sun.rmi.transport.Transport.serviceCall(Transport.java:196)
	at sun.rmi.transport.tcp.TCPTransport.handleMessages(TCPTransport.java:568)
	at sun.rmi.transport.tcp.TCPTransport$ConnectionHandler.run0(TCPTransport.java:826)
	at sun.rmi.transport.tcp.TCPTransport$ConnectionHandler.lambda$run$0(TCPTransport.java:683)
	at java.security.AccessController.doPrivileged(Native Method)
	at sun.rmi.transport.tcp.TCPTransport$ConnectionHandler.run(TCPTransport.java:682)
	at java.util.concurrent.ThreadPoolExecutor.runWorker(ThreadPoolExecutor.java:1142)
	at java.util.concurrent.ThreadPoolExecutor$Worker.run(ThreadPoolExecutor.java:617)
	at java.lang.Thread.run(Thread.java:745)
Caused by: java.net.ConnectException: Connection refused: connect
	at java.net.DualStackPlainSocketImpl.waitForConnect(Native Method)
	at java.net.DualStackPlainSocketImpl.socketConnect(DualStackPlainSocketImpl.java:85)
	at java.net.AbstractPlainSocketImpl.doConnect(AbstractPlainSocketImpl.java:350)
	at java.net.AbstractPlainSocketImpl.connectToAddress(AbstractPlainSocketImpl.java:206)
	at java.net.AbstractPlainSocketImpl.connect(AbstractPlainSocketImpl.java:188)
	at java.net.PlainSocketImpl.connect(PlainSocketImpl.java:172)
	at java.net.SocksSocketImpl.connect(SocksSocketImpl.java:392)
	at java.net.Socket.connect(Socket.java:589)
	at com.rabbitmq.client.impl.SocketFrameHandlerFactory.create(SocketFrameHandlerFactory.java:60)
	at com.rabbitmq.client.ConnectionFactory.newConnection(ConnectionFactory.java:1102)
	at com.rabbitmq.client.ConnectionFactory.newConnection(ConnectionFactory.java:1054)
	at com.rabbitmq.client.ConnectionFactory.newConnection(ConnectionFactory.java:994)
	at org.springframework.amqp.rabbit.connection.AbstractConnectionFactory.createBareConnection(AbstractConnectionFactory.java:462)
	... 42 common frames omitted
2019-06-26 09:31:50.793 INFO   [,]  [Thread-33] o.s.c.n.e.s.EurekaServiceRegistry: - Unregistering application DEMO-STOCK-CENTER with eureka with status DOWN
2019-06-26 09:31:50.795 WARN   [,]  [Thread-33] c.netflix.discovery.DiscoveryClient: - Saw local status change event StatusChangeEvent [timestamp=1561512710795, current=DOWN, previous=UP]
2019-06-26 09:31:50.796 INFO   [,]  [nfoReplicator-0] c.netflix.discovery.DiscoveryClient: - DiscoveryClient_DEMO-STOCK-CENTER/DESKTOP-JESJ2F8:demo-stock-center:8190: registering service...
2019-06-26 09:31:50.807 INFO   [,]  [nfoReplicator-0] c.netflix.discovery.DiscoveryClient: - DiscoveryClient_DEMO-STOCK-CENTER/DESKTOP-JESJ2F8:demo-stock-center:8190 - registration status: 204
2019-06-26 09:31:50.817 INFO   [,]  [Thread-33] o.s.s.c.ThreadPoolTaskExecutor: - Shutting down ExecutorService 'applicationTaskExecutor'
2019-06-26 09:31:50.823 INFO   [,]  [Thread-33] c.netflix.discovery.DiscoveryClient: - Shutting down DiscoveryClient ...
