2019-06-27 10:00:35.704 INFO   [,]  [restartedMain] o.s.b.d.e.DevToolsPropertyDefaultsPostProcessor: - Devtools property defaults active! Set 'spring.devtools.add-properties' to 'false' to disable
2019-06-27 10:00:35.970 INFO   [,]  [restartedMain] o.s.c.s.PostProcessorRegistrationDelegate$BeanPostProcessorChecker: - Bean 'org.springframework.cloud.autoconfigure.ConfigurationPropertiesRebinderAutoConfiguration' of type [org.springframework.cloud.autoconfigure.ConfigurationPropertiesRebinderAutoConfiguration$$EnhancerBySpringCGLIB$$f6f91e6d] is not eligible for getting processed by all BeanPostProcessors (for example: not eligible for auto-proxying)
2019-06-27 10:00:37.215 INFO   [,]  [restartedMain] c.z.s.s.DemoStockCenterProviderApplication: - The following profiles are active: dev
2019-06-27 10:00:38.310 WARN   [,]  [restartedMain] o.s.boot.actuate.endpoint.EndpointId: - Endpoint ID 'service-registry' contains invalid characters, please migrate to a valid format.
2019-06-27 10:00:38.509 INFO   [,]  [restartedMain] o.s.cloud.context.scope.GenericScope: - BeanFactory id=a008bc04-c593-320b-ba59-ef153dc31d87
2019-06-27 10:00:38.614 INFO   [,]  [restartedMain] o.s.c.s.PostProcessorRegistrationDelegate$BeanPostProcessorChecker: - Bean 'org.springframework.transaction.annotation.ProxyTransactionManagementConfiguration' of type [org.springframework.transaction.annotation.ProxyTransactionManagementConfiguration$$EnhancerBySpringCGLIB$$dadf1b70] is not eligible for getting processed by all BeanPostProcessors (for example: not eligible for auto-proxying)
2019-06-27 10:00:38.638 INFO   [,]  [restartedMain] o.s.c.s.PostProcessorRegistrationDelegate$BeanPostProcessorChecker: - Bean 'org.springframework.cloud.autoconfigure.ConfigurationPropertiesRebinderAutoConfiguration' of type [org.springframework.cloud.autoconfigure.ConfigurationPropertiesRebinderAutoConfiguration$$EnhancerBySpringCGLIB$$f6f91e6d] is not eligible for getting processed by all BeanPostProcessors (for example: not eligible for auto-proxying)
2019-06-27 10:00:39.243 INFO   [,]  [restartedMain] o.s.b.w.e.tomcat.TomcatWebServer: - Tomcat initialized with port(s): 8191 (http)
2019-06-27 10:00:39.272 INFO   [,]  [restartedMain] o.a.catalina.core.StandardService: - Starting service [Tomcat]
2019-06-27 10:00:39.272 INFO   [,]  [restartedMain] o.a.catalina.core.StandardEngine: - Starting Servlet engine: [Apache Tomcat/9.0.21]
2019-06-27 10:00:39.444 INFO   [,]  [restartedMain] o.a.c.c.C.[.[.[/demo-stock-center]: - Initializing Spring embedded WebApplicationContext
2019-06-27 10:00:39.444 INFO   [,]  [restartedMain] o.s.web.context.ContextLoader: - Root WebApplicationContext: initialization completed in 2215 ms
2019-06-27 10:00:39.537 WARN   [,]  [restartedMain] c.n.c.sources.URLConfigurationSource: - No URLs will be polled as dynamic configuration sources.
2019-06-27 10:00:39.537 INFO   [,]  [restartedMain] c.n.c.sources.URLConfigurationSource: - To enable URLs as dynamic configuration sources, define System property archaius.configurationSource.additionalUrls or make config.properties available on classpath.
2019-06-27 10:00:39.551 INFO   [,]  [restartedMain] c.n.config.DynamicPropertyFactory: - DynamicPropertyFactory is initialized with configuration sources: com.netflix.config.ConcurrentCompositeConfiguration@5a886556
2019-06-27 10:00:42.600 INFO   [,]  [restartedMain] com.zaxxer.hikari.HikariDataSource: - HikariPool-1 - Starting...
2019-06-27 10:00:42.770 INFO   [,]  [restartedMain] com.zaxxer.hikari.HikariDataSource: - HikariPool-1 - Start completed.
2019-06-27 10:00:43.080 WARN   [,]  [restartedMain] c.n.c.sources.URLConfigurationSource: - No URLs will be polled as dynamic configuration sources.
2019-06-27 10:00:43.081 INFO   [,]  [restartedMain] c.n.c.sources.URLConfigurationSource: - To enable URLs as dynamic configuration sources, define System property archaius.configurationSource.additionalUrls or make config.properties available on classpath.
2019-06-27 10:00:43.390 INFO   [,]  [restartedMain] o.s.s.c.ThreadPoolTaskExecutor: - Initializing ExecutorService 'applicationTaskExecutor'
2019-06-27 10:00:44.157 WARN   [,]  [restartedMain] o.s.b.d.a.OptionalLiveReloadServer: - Unable to start LiveReload server
2019-06-27 10:00:45.381 WARN   [,]  [restartedMain] o.s.c.n.core.CoreAutoConfiguration: - This module is deprecated. It will be removed in the next major release. Please use spring-cloud-netflix-hystrix instead.
2019-06-27 10:00:45.400 INFO   [,]  [restartedMain] o.s.b.a.e.web.EndpointLinksResolver: - Exposing 2 endpoint(s) beneath base path '/actuator'
2019-06-27 10:00:45.540 INFO   [,]  [restartedMain] o.s.c.n.eureka.InstanceInfoFactory: - Setting initial instance status as: STARTING
2019-06-27 10:00:45.577 INFO   [,]  [restartedMain] c.netflix.discovery.DiscoveryClient: - Initializing Eureka in region us-east-1
2019-06-27 10:00:45.703 INFO   [,]  [restartedMain] c.n.d.p.DiscoveryJerseyProvider: - Using JSON encoding codec LegacyJacksonJson
2019-06-27 10:00:45.704 INFO   [,]  [restartedMain] c.n.d.p.DiscoveryJerseyProvider: - Using JSON decoding codec LegacyJacksonJson
2019-06-27 10:00:45.891 INFO   [,]  [restartedMain] c.n.d.p.DiscoveryJerseyProvider: - Using XML encoding codec XStreamXml
2019-06-27 10:00:45.892 INFO   [,]  [restartedMain] c.n.d.p.DiscoveryJerseyProvider: - Using XML decoding codec XStreamXml
2019-06-27 10:00:46.311 INFO   [,]  [restartedMain] c.n.d.s.r.aws.ConfigClusterResolver: - Resolving eureka endpoints via configuration
2019-06-27 10:00:47.075 INFO   [,]  [restartedMain] c.netflix.discovery.DiscoveryClient: - Disable delta property : false
2019-06-27 10:00:47.076 INFO   [,]  [restartedMain] c.netflix.discovery.DiscoveryClient: - Single vip registry refresh property : null
2019-06-27 10:00:47.076 INFO   [,]  [restartedMain] c.netflix.discovery.DiscoveryClient: - Force full registry fetch : false
2019-06-27 10:00:47.077 INFO   [,]  [restartedMain] c.netflix.discovery.DiscoveryClient: - Application is null : false
2019-06-27 10:00:47.077 INFO   [,]  [restartedMain] c.netflix.discovery.DiscoveryClient: - Registered Applications size is zero : true
2019-06-27 10:00:47.077 INFO   [,]  [restartedMain] c.netflix.discovery.DiscoveryClient: - Application version is -1: true
2019-06-27 10:00:47.077 INFO   [,]  [restartedMain] c.netflix.discovery.DiscoveryClient: - Getting all instance registry info from the eureka server
2019-06-27 10:00:47.301 INFO   [,]  [restartedMain] c.netflix.discovery.DiscoveryClient: - The response status is 200
2019-06-27 10:00:47.304 INFO   [,]  [restartedMain] c.netflix.discovery.DiscoveryClient: - Starting heartbeat executor: renew interval is: 30
2019-06-27 10:00:47.308 INFO   [,]  [restartedMain] c.n.discovery.InstanceInfoReplicator: - InstanceInfoReplicator onDemand update allowed rate per min is 4
2019-06-27 10:00:47.312 INFO   [,]  [restartedMain] c.netflix.discovery.DiscoveryClient: - Discovery Client initialized at timestamp 1561600847311 with initial instances count: 2
2019-06-27 10:00:47.314 INFO   [,]  [restartedMain] o.s.c.n.e.s.EurekaServiceRegistry: - Registering application DEMO-STOCK-CENTER with eureka with status UP
2019-06-27 10:00:47.315 INFO   [,]  [restartedMain] c.netflix.discovery.DiscoveryClient: - Saw local status change event StatusChangeEvent [timestamp=1561600847315, current=UP, previous=STARTING]
2019-06-27 10:00:47.319 INFO   [,]  [nfoReplicator-0] c.netflix.discovery.DiscoveryClient: - DiscoveryClient_DEMO-STOCK-CENTER/DESKTOP-JESJ2F8:demo-stock-center:8191: registering service...
2019-06-27 10:00:47.374 INFO   [,]  [nfoReplicator-0] c.netflix.discovery.DiscoveryClient: - DiscoveryClient_DEMO-STOCK-CENTER/DESKTOP-JESJ2F8:demo-stock-center:8191 - registration status: 204
2019-06-27 10:00:47.386 INFO   [,]  [restartedMain] o.s.b.w.e.tomcat.TomcatWebServer: - Tomcat started on port(s): 8191 (http) with context path '/demo-stock-center'
2019-06-27 10:00:47.388 INFO   [,]  [restartedMain] o.s.c.n.e.s.EurekaAutoServiceRegistration: - Updating port to 8191
2019-06-27 10:00:47.391 INFO   [,]  [restartedMain] c.z.s.s.DemoStockCenterProviderApplication: - Started DemoStockCenterProviderApplication in 14.044 seconds (JVM running for 16.793)
2019-06-27 10:00:47.856 INFO   [,]  [on(4)-127.0.0.1] o.s.a.r.c.CachingConnectionFactory: - Attempting to connect to: [localhost:5672]
2019-06-27 10:00:47.863 INFO   [,]  [on(5)-127.0.0.1] o.a.c.c.C.[.[.[/demo-stock-center]: - Initializing Spring DispatcherServlet 'dispatcherServlet'
2019-06-27 10:00:47.863 INFO   [,]  [on(5)-127.0.0.1] o.s.web.servlet.DispatcherServlet: - Initializing Servlet 'dispatcherServlet'
2019-06-27 10:00:47.876 INFO   [,]  [on(5)-127.0.0.1] o.s.web.servlet.DispatcherServlet: - Completed initialization in 12 ms
2019-06-27 10:00:49.879 WARN   [,]  [on(4)-127.0.0.1] o.s.b.a.amqp.RabbitHealthIndicator: - Rabbit health check failed
org.springframework.amqp.AmqpConnectException: java.net.ConnectException: Connection refused: connect
	at org.springframework.amqp.rabbit.support.RabbitExceptionTranslator.convertRabbitAccessException(RabbitExceptionTranslator.java:62)
	at org.springframework.amqp.rabbit.connection.AbstractConnectionFactory.createBareConnection(AbstractConnectionFactory.java:509)
	at org.springframework.amqp.rabbit.connection.CachingConnectionFactory.createConnection(CachingConnectionFactory.java:702)
	at org.springframework.amqp.rabbit.connection.ConnectionFactoryUtils.createConnection(ConnectionFactoryUtils.java:214)
	at org.springframework.amqp.rabbit.core.RabbitTemplate.doExecute(RabbitTemplate.java:2073)
	at org.springframework.amqp.rabbit.core.RabbitTemplate.execute(RabbitTemplate.java:2047)
	at org.springframework.amqp.rabbit.core.RabbitTemplate.execute(RabbitTemplate.java:2027)
	at org.springframework.boot.actuate.amqp.RabbitHealthIndicator.getVersion(RabbitHealthIndicator.java:49)
	at org.springframework.boot.actuate.amqp.RabbitHealthIndicator.doHealthCheck(RabbitHealthIndicator.java:44)
	at org.springframework.boot.actuate.health.AbstractHealthIndicator.health(AbstractHealthIndicator.java:82)
	at org.springframework.boot.actuate.health.CompositeHealthIndicator.health(CompositeHealthIndicator.java:95)
	at org.springframework.boot.actuate.health.HealthEndpoint.health(HealthEndpoint.java:50)
	at sun.reflect.NativeMethodAccessorImpl.invoke0(Native Method)
	at sun.reflect.NativeMethodAccessorImpl.invoke(NativeMethodAccessorImpl.java:62)
	at sun.reflect.DelegatingMethodAccessorImpl.invoke(DelegatingMethodAccessorImpl.java:43)
	at java.lang.reflect.Method.invoke(Method.java:498)
	at org.springframework.util.ReflectionUtils.invokeMethod(ReflectionUtils.java:282)
	at org.springframework.boot.actuate.endpoint.invoke.reflect.ReflectiveOperationInvoker.invoke(ReflectiveOperationInvoker.java:76)
	at org.springframework.boot.actuate.endpoint.annotation.AbstractDiscoveredOperation.invoke(AbstractDiscoveredOperation.java:60)
	at org.springframework.boot.actuate.endpoint.jmx.EndpointMBean.invoke(EndpointMBean.java:121)
	at org.springframework.boot.actuate.endpoint.jmx.EndpointMBean.invoke(EndpointMBean.java:96)
	at com.sun.jmx.interceptor.DefaultMBeanServerInterceptor.invoke(DefaultMBeanServerInterceptor.java:819)
	at com.sun.jmx.mbeanserver.JmxMBeanServer.invoke(JmxMBeanServer.java:801)
	at javax.management.remote.rmi.RMIConnectionImpl.doOperation(RMIConnectionImpl.java:1468)
	at javax.management.remote.rmi.RMIConnectionImpl.access$300(RMIConnectionImpl.java:76)
	at javax.management.remote.rmi.RMIConnectionImpl$PrivilegedOperation.run(RMIConnectionImpl.java:1309)
	at javax.management.remote.rmi.RMIConnectionImpl.doPrivilegedOperation(RMIConnectionImpl.java:1401)
	at javax.management.remote.rmi.RMIConnectionImpl.invoke(RMIConnectionImpl.java:829)
	at sun.reflect.GeneratedMethodAccessor80.invoke(Unknown Source)
	at sun.reflect.DelegatingMethodAccessorImpl.invoke(DelegatingMethodAccessorImpl.java:43)
	at java.lang.reflect.Method.invoke(Method.java:498)
	at sun.rmi.server.UnicastServerRef.dispatch(UnicastServerRef.java:324)
	at sun.rmi.transport.Transport$1.run(Transport.java:200)
	at sun.rmi.transport.Transport$1.run(Transport.java:197)
	at java.security.AccessController.doPrivileged(Native Method)
	at sun.rmi.transport.Transport.serviceCall(Transport.java:196)
	at sun.rmi.transport.tcp.TCPTransport.handleMessages(TCPTransport.java:568)
	at sun.rmi.transport.tcp.TCPTransport$ConnectionHandler.run0(TCPTransport.java:826)
	at sun.rmi.transport.tcp.TCPTransport$ConnectionHandler.lambda$run$0(TCPTransport.java:683)
	at java.security.AccessController.doPrivileged(Native Method)
	at sun.rmi.transport.tcp.TCPTransport$ConnectionHandler.run(TCPTransport.java:682)
	at java.util.concurrent.ThreadPoolExecutor.runWorker(ThreadPoolExecutor.java:1142)
	at java.util.concurrent.ThreadPoolExecutor$Worker.run(ThreadPoolExecutor.java:617)
	at java.lang.Thread.run(Thread.java:745)
Caused by: java.net.ConnectException: Connection refused: connect
	at java.net.DualStackPlainSocketImpl.waitForConnect(Native Method)
	at java.net.DualStackPlainSocketImpl.socketConnect(DualStackPlainSocketImpl.java:85)
	at java.net.AbstractPlainSocketImpl.doConnect(AbstractPlainSocketImpl.java:350)
	at java.net.AbstractPlainSocketImpl.connectToAddress(AbstractPlainSocketImpl.java:206)
	at java.net.AbstractPlainSocketImpl.connect(AbstractPlainSocketImpl.java:188)
	at java.net.PlainSocketImpl.connect(PlainSocketImpl.java:172)
	at java.net.SocksSocketImpl.connect(SocksSocketImpl.java:392)
	at java.net.Socket.connect(Socket.java:589)
	at com.rabbitmq.client.impl.SocketFrameHandlerFactory.create(SocketFrameHandlerFactory.java:60)
	at com.rabbitmq.client.ConnectionFactory.newConnection(ConnectionFactory.java:1102)
	at com.rabbitmq.client.ConnectionFactory.newConnection(ConnectionFactory.java:1054)
	at com.rabbitmq.client.ConnectionFactory.newConnection(ConnectionFactory.java:994)
	at org.springframework.amqp.rabbit.connection.AbstractConnectionFactory.createBareConnection(AbstractConnectionFactory.java:462)
	... 42 common frames omitted
2019-06-27 10:05:47.083 INFO   [,]  [trap-executor-0] c.n.d.s.r.aws.ConfigClusterResolver: - Resolving eureka endpoints via configuration
2019-06-27 10:10:47.088 INFO   [,]  [trap-executor-0] c.n.d.s.r.aws.ConfigClusterResolver: - Resolving eureka endpoints via configuration
2019-06-27 10:15:47.091 INFO   [,]  [trap-executor-0] c.n.d.s.r.aws.ConfigClusterResolver: - Resolving eureka endpoints via configuration
2019-06-27 10:20:47.095 INFO   [,]  [trap-executor-0] c.n.d.s.r.aws.ConfigClusterResolver: - Resolving eureka endpoints via configuration
2019-06-27 10:25:47.099 INFO   [,]  [trap-executor-0] c.n.d.s.r.aws.ConfigClusterResolver: - Resolving eureka endpoints via configuration
2019-06-27 10:30:47.103 INFO   [,]  [trap-executor-0] c.n.d.s.r.aws.ConfigClusterResolver: - Resolving eureka endpoints via configuration
2019-06-27 10:35:47.108 INFO   [,]  [trap-executor-0] c.n.d.s.r.aws.ConfigClusterResolver: - Resolving eureka endpoints via configuration
2019-06-27 10:35:50.505 INFO   [,]  [Thread-39] o.s.c.n.e.s.EurekaServiceRegistry: - Unregistering application DEMO-STOCK-CENTER with eureka with status DOWN
2019-06-27 10:35:50.506 WARN   [,]  [Thread-39] c.netflix.discovery.DiscoveryClient: - Saw local status change event StatusChangeEvent [timestamp=1561602950506, current=DOWN, previous=UP]
2019-06-27 10:35:50.507 INFO   [,]  [nfoReplicator-0] c.netflix.discovery.DiscoveryClient: - DiscoveryClient_DEMO-STOCK-CENTER/DESKTOP-JESJ2F8:demo-stock-center:8191: registering service...
2019-06-27 10:35:50.520 INFO   [,]  [nfoReplicator-0] c.netflix.discovery.DiscoveryClient: - DiscoveryClient_DEMO-STOCK-CENTER/DESKTOP-JESJ2F8:demo-stock-center:8191 - registration status: 204
2019-06-27 10:35:50.551 INFO   [,]  [Thread-39] o.s.s.c.ThreadPoolTaskExecutor: - Shutting down ExecutorService 'applicationTaskExecutor'
2019-06-27 10:35:50.561 INFO   [,]  [Thread-39] c.netflix.discovery.DiscoveryClient: - Shutting down DiscoveryClient ...
2019-06-27 10:35:59.770 INFO   [,]  [restartedMain] o.s.b.d.e.DevToolsPropertyDefaultsPostProcessor: - Devtools property defaults active! Set 'spring.devtools.add-properties' to 'false' to disable
2019-06-27 10:35:59.990 INFO   [,]  [restartedMain] o.s.c.s.PostProcessorRegistrationDelegate$BeanPostProcessorChecker: - Bean 'org.springframework.cloud.autoconfigure.ConfigurationPropertiesRebinderAutoConfiguration' of type [org.springframework.cloud.autoconfigure.ConfigurationPropertiesRebinderAutoConfiguration$$EnhancerBySpringCGLIB$$2108d10c] is not eligible for getting processed by all BeanPostProcessors (for example: not eligible for auto-proxying)
2019-06-27 10:36:01.399 INFO   [,]  [restartedMain] c.z.s.s.DemoStockCenterProviderApplication: - The following profiles are active: dev
2019-06-27 10:36:02.642 WARN   [,]  [restartedMain] o.s.boot.actuate.endpoint.EndpointId: - Endpoint ID 'service-registry' contains invalid characters, please migrate to a valid format.
2019-06-27 10:36:03.024 INFO   [,]  [restartedMain] o.s.cloud.context.scope.GenericScope: - BeanFactory id=367a8246-b29e-3b7f-b19f-0089ad5c465c
2019-06-27 10:36:03.168 INFO   [,]  [restartedMain] o.s.c.s.PostProcessorRegistrationDelegate$BeanPostProcessorChecker: - Bean 'org.springframework.transaction.annotation.ProxyTransactionManagementConfiguration' of type [org.springframework.transaction.annotation.ProxyTransactionManagementConfiguration$$EnhancerBySpringCGLIB$$4eece0f] is not eligible for getting processed by all BeanPostProcessors (for example: not eligible for auto-proxying)
2019-06-27 10:36:03.194 INFO   [,]  [restartedMain] o.s.c.s.PostProcessorRegistrationDelegate$BeanPostProcessorChecker: - Bean 'org.springframework.cloud.autoconfigure.ConfigurationPropertiesRebinderAutoConfiguration' of type [org.springframework.cloud.autoconfigure.ConfigurationPropertiesRebinderAutoConfiguration$$EnhancerBySpringCGLIB$$2108d10c] is not eligible for getting processed by all BeanPostProcessors (for example: not eligible for auto-proxying)
2019-06-27 10:36:03.934 INFO   [,]  [restartedMain] o.s.b.w.e.tomcat.TomcatWebServer: - Tomcat initialized with port(s): 8191 (http)
2019-06-27 10:36:03.958 INFO   [,]  [restartedMain] o.a.catalina.core.StandardService: - Starting service [Tomcat]
2019-06-27 10:36:03.958 INFO   [,]  [restartedMain] o.a.catalina.core.StandardEngine: - Starting Servlet engine: [Apache Tomcat/9.0.21]
2019-06-27 10:36:04.132 INFO   [,]  [restartedMain] o.a.c.c.C.[.[.[/demo-stock-center]: - Initializing Spring embedded WebApplicationContext
2019-06-27 10:36:04.132 INFO   [,]  [restartedMain] o.s.web.context.ContextLoader: - Root WebApplicationContext: initialization completed in 2719 ms
2019-06-27 10:36:04.224 WARN   [,]  [restartedMain] c.n.c.sources.URLConfigurationSource: - No URLs will be polled as dynamic configuration sources.
2019-06-27 10:36:04.224 INFO   [,]  [restartedMain] c.n.c.sources.URLConfigurationSource: - To enable URLs as dynamic configuration sources, define System property archaius.configurationSource.additionalUrls or make config.properties available on classpath.
2019-06-27 10:36:04.234 INFO   [,]  [restartedMain] c.n.config.DynamicPropertyFactory: - DynamicPropertyFactory is initialized with configuration sources: com.netflix.config.ConcurrentCompositeConfiguration@4d677915
2019-06-27 10:36:06.258 WARN   [,]  [restartedMain] o.s.b.d.a.OptionalLiveReloadServer: - Unable to start LiveReload server
2019-06-27 10:36:07.367 INFO   [,]  [restartedMain] com.zaxxer.hikari.HikariDataSource: - HikariPool-1 - Starting...
2019-06-27 10:36:07.490 INFO   [,]  [restartedMain] com.zaxxer.hikari.HikariDataSource: - HikariPool-1 - Start completed.
2019-06-27 10:36:07.662 WARN   [,]  [restartedMain] c.n.c.sources.URLConfigurationSource: - No URLs will be polled as dynamic configuration sources.
2019-06-27 10:36:07.663 INFO   [,]  [restartedMain] c.n.c.sources.URLConfigurationSource: - To enable URLs as dynamic configuration sources, define System property archaius.configurationSource.additionalUrls or make config.properties available on classpath.
2019-06-27 10:36:07.830 INFO   [,]  [restartedMain] o.s.s.c.ThreadPoolTaskExecutor: - Initializing ExecutorService 'applicationTaskExecutor'
2019-06-27 10:36:09.463 WARN   [,]  [restartedMain] o.s.c.n.core.CoreAutoConfiguration: - This module is deprecated. It will be removed in the next major release. Please use spring-cloud-netflix-hystrix instead.
2019-06-27 10:36:09.472 INFO   [,]  [restartedMain] o.s.b.a.e.web.EndpointLinksResolver: - Exposing 2 endpoint(s) beneath base path '/actuator'
2019-06-27 10:36:09.612 INFO   [,]  [restartedMain] o.s.c.n.eureka.InstanceInfoFactory: - Setting initial instance status as: STARTING
2019-06-27 10:36:09.670 INFO   [,]  [restartedMain] c.netflix.discovery.DiscoveryClient: - Initializing Eureka in region us-east-1
2019-06-27 10:36:09.800 INFO   [,]  [restartedMain] c.n.d.p.DiscoveryJerseyProvider: - Using JSON encoding codec LegacyJacksonJson
2019-06-27 10:36:09.801 INFO   [,]  [restartedMain] c.n.d.p.DiscoveryJerseyProvider: - Using JSON decoding codec LegacyJacksonJson
2019-06-27 10:36:09.916 INFO   [,]  [restartedMain] c.n.d.p.DiscoveryJerseyProvider: - Using XML encoding codec XStreamXml
2019-06-27 10:36:09.916 INFO   [,]  [restartedMain] c.n.d.p.DiscoveryJerseyProvider: - Using XML decoding codec XStreamXml
2019-06-27 10:36:10.234 INFO   [,]  [restartedMain] c.n.d.s.r.aws.ConfigClusterResolver: - Resolving eureka endpoints via configuration
2019-06-27 10:36:10.783 INFO   [,]  [restartedMain] c.netflix.discovery.DiscoveryClient: - Disable delta property : false
2019-06-27 10:36:10.783 INFO   [,]  [restartedMain] c.netflix.discovery.DiscoveryClient: - Single vip registry refresh property : null
2019-06-27 10:36:10.784 INFO   [,]  [restartedMain] c.netflix.discovery.DiscoveryClient: - Force full registry fetch : false
2019-06-27 10:36:10.784 INFO   [,]  [restartedMain] c.netflix.discovery.DiscoveryClient: - Application is null : false
2019-06-27 10:36:10.785 INFO   [,]  [restartedMain] c.netflix.discovery.DiscoveryClient: - Registered Applications size is zero : true
2019-06-27 10:36:10.785 INFO   [,]  [restartedMain] c.netflix.discovery.DiscoveryClient: - Application version is -1: true
2019-06-27 10:36:10.785 INFO   [,]  [restartedMain] c.netflix.discovery.DiscoveryClient: - Getting all instance registry info from the eureka server
2019-06-27 10:36:10.941 INFO   [,]  [restartedMain] c.netflix.discovery.DiscoveryClient: - The response status is 200
2019-06-27 10:36:10.945 INFO   [,]  [restartedMain] c.netflix.discovery.DiscoveryClient: - Starting heartbeat executor: renew interval is: 30
2019-06-27 10:36:10.947 INFO   [,]  [restartedMain] c.n.discovery.InstanceInfoReplicator: - InstanceInfoReplicator onDemand update allowed rate per min is 4
2019-06-27 10:36:10.951 INFO   [,]  [restartedMain] c.netflix.discovery.DiscoveryClient: - Discovery Client initialized at timestamp 1561602970949 with initial instances count: 3
2019-06-27 10:36:10.953 INFO   [,]  [restartedMain] o.s.c.n.e.s.EurekaServiceRegistry: - Registering application DEMO-STOCK-CENTER with eureka with status UP
2019-06-27 10:36:10.953 INFO   [,]  [restartedMain] c.netflix.discovery.DiscoveryClient: - Saw local status change event StatusChangeEvent [timestamp=1561602970953, current=UP, previous=STARTING]
2019-06-27 10:36:10.955 INFO   [,]  [nfoReplicator-0] c.netflix.discovery.DiscoveryClient: - DiscoveryClient_DEMO-STOCK-CENTER/DESKTOP-JESJ2F8:demo-stock-center:8191: registering service...
2019-06-27 10:36:11.172 INFO   [,]  [nfoReplicator-0] c.netflix.discovery.DiscoveryClient: - DiscoveryClient_DEMO-STOCK-CENTER/DESKTOP-JESJ2F8:demo-stock-center:8191 - registration status: 204
2019-06-27 10:36:11.179 INFO   [,]  [restartedMain] o.s.b.w.e.tomcat.TomcatWebServer: - Tomcat started on port(s): 8191 (http) with context path '/demo-stock-center'
2019-06-27 10:36:11.180 INFO   [,]  [restartedMain] o.s.c.n.e.s.EurekaAutoServiceRegistration: - Updating port to 8191
2019-06-27 10:36:11.182 INFO   [,]  [restartedMain] c.z.s.s.DemoStockCenterProviderApplication: - Started DemoStockCenterProviderApplication in 13.59 seconds (JVM running for 15.799)
2019-06-27 10:36:11.685 INFO   [,]  [on(6)-127.0.0.1] o.s.a.r.c.CachingConnectionFactory: - Attempting to connect to: [localhost:5672]
2019-06-27 10:36:11.691 INFO   [,]  [on(8)-127.0.0.1] o.a.c.c.C.[.[.[/demo-stock-center]: - Initializing Spring DispatcherServlet 'dispatcherServlet'
2019-06-27 10:36:11.691 INFO   [,]  [on(8)-127.0.0.1] o.s.web.servlet.DispatcherServlet: - Initializing Servlet 'dispatcherServlet'
2019-06-27 10:36:11.701 INFO   [,]  [on(8)-127.0.0.1] o.s.web.servlet.DispatcherServlet: - Completed initialization in 10 ms
2019-06-27 10:36:13.724 WARN   [,]  [on(6)-127.0.0.1] o.s.b.a.amqp.RabbitHealthIndicator: - Rabbit health check failed
org.springframework.amqp.AmqpConnectException: java.net.ConnectException: Connection refused: connect
	at org.springframework.amqp.rabbit.support.RabbitExceptionTranslator.convertRabbitAccessException(RabbitExceptionTranslator.java:62)
	at org.springframework.amqp.rabbit.connection.AbstractConnectionFactory.createBareConnection(AbstractConnectionFactory.java:509)
	at org.springframework.amqp.rabbit.connection.CachingConnectionFactory.createConnection(CachingConnectionFactory.java:702)
	at org.springframework.amqp.rabbit.connection.ConnectionFactoryUtils.createConnection(ConnectionFactoryUtils.java:214)
	at org.springframework.amqp.rabbit.core.RabbitTemplate.doExecute(RabbitTemplate.java:2073)
	at org.springframework.amqp.rabbit.core.RabbitTemplate.execute(RabbitTemplate.java:2047)
	at org.springframework.amqp.rabbit.core.RabbitTemplate.execute(RabbitTemplate.java:2027)
	at org.springframework.boot.actuate.amqp.RabbitHealthIndicator.getVersion(RabbitHealthIndicator.java:49)
	at org.springframework.boot.actuate.amqp.RabbitHealthIndicator.doHealthCheck(RabbitHealthIndicator.java:44)
	at org.springframework.boot.actuate.health.AbstractHealthIndicator.health(AbstractHealthIndicator.java:82)
	at org.springframework.boot.actuate.health.CompositeHealthIndicator.health(CompositeHealthIndicator.java:95)
	at org.springframework.boot.actuate.health.HealthEndpoint.health(HealthEndpoint.java:50)
	at sun.reflect.NativeMethodAccessorImpl.invoke0(Native Method)
	at sun.reflect.NativeMethodAccessorImpl.invoke(NativeMethodAccessorImpl.java:62)
	at sun.reflect.DelegatingMethodAccessorImpl.invoke(DelegatingMethodAccessorImpl.java:43)
	at java.lang.reflect.Method.invoke(Method.java:498)
	at org.springframework.util.ReflectionUtils.invokeMethod(ReflectionUtils.java:282)
	at org.springframework.boot.actuate.endpoint.invoke.reflect.ReflectiveOperationInvoker.invoke(ReflectiveOperationInvoker.java:76)
	at org.springframework.boot.actuate.endpoint.annotation.AbstractDiscoveredOperation.invoke(AbstractDiscoveredOperation.java:60)
	at org.springframework.boot.actuate.endpoint.jmx.EndpointMBean.invoke(EndpointMBean.java:121)
	at org.springframework.boot.actuate.endpoint.jmx.EndpointMBean.invoke(EndpointMBean.java:96)
	at com.sun.jmx.interceptor.DefaultMBeanServerInterceptor.invoke(DefaultMBeanServerInterceptor.java:819)
	at com.sun.jmx.mbeanserver.JmxMBeanServer.invoke(JmxMBeanServer.java:801)
	at javax.management.remote.rmi.RMIConnectionImpl.doOperation(RMIConnectionImpl.java:1468)
	at javax.management.remote.rmi.RMIConnectionImpl.access$300(RMIConnectionImpl.java:76)
	at javax.management.remote.rmi.RMIConnectionImpl$PrivilegedOperation.run(RMIConnectionImpl.java:1309)
	at javax.management.remote.rmi.RMIConnectionImpl.doPrivilegedOperation(RMIConnectionImpl.java:1401)
	at javax.management.remote.rmi.RMIConnectionImpl.invoke(RMIConnectionImpl.java:829)
	at sun.reflect.NativeMethodAccessorImpl.invoke0(Native Method)
	at sun.reflect.NativeMethodAccessorImpl.invoke(NativeMethodAccessorImpl.java:62)
	at sun.reflect.DelegatingMethodAccessorImpl.invoke(DelegatingMethodAccessorImpl.java:43)
	at java.lang.reflect.Method.invoke(Method.java:498)
	at sun.rmi.server.UnicastServerRef.dispatch(UnicastServerRef.java:324)
	at sun.rmi.transport.Transport$1.run(Transport.java:200)
	at sun.rmi.transport.Transport$1.run(Transport.java:197)
	at java.security.AccessController.doPrivileged(Native Method)
	at sun.rmi.transport.Transport.serviceCall(Transport.java:196)
	at sun.rmi.transport.tcp.TCPTransport.handleMessages(TCPTransport.java:568)
	at sun.rmi.transport.tcp.TCPTransport$ConnectionHandler.run0(TCPTransport.java:826)
	at sun.rmi.transport.tcp.TCPTransport$ConnectionHandler.lambda$run$0(TCPTransport.java:683)
	at java.security.AccessController.doPrivileged(Native Method)
	at sun.rmi.transport.tcp.TCPTransport$ConnectionHandler.run(TCPTransport.java:682)
	at java.util.concurrent.ThreadPoolExecutor.runWorker(ThreadPoolExecutor.java:1142)
	at java.util.concurrent.ThreadPoolExecutor$Worker.run(ThreadPoolExecutor.java:617)
	at java.lang.Thread.run(Thread.java:745)
Caused by: java.net.ConnectException: Connection refused: connect
	at java.net.DualStackPlainSocketImpl.waitForConnect(Native Method)
	at java.net.DualStackPlainSocketImpl.socketConnect(DualStackPlainSocketImpl.java:85)
	at java.net.AbstractPlainSocketImpl.doConnect(AbstractPlainSocketImpl.java:350)
	at java.net.AbstractPlainSocketImpl.connectToAddress(AbstractPlainSocketImpl.java:206)
	at java.net.AbstractPlainSocketImpl.connect(AbstractPlainSocketImpl.java:188)
	at java.net.PlainSocketImpl.connect(PlainSocketImpl.java:172)
	at java.net.SocksSocketImpl.connect(SocksSocketImpl.java:392)
	at java.net.Socket.connect(Socket.java:589)
	at com.rabbitmq.client.impl.SocketFrameHandlerFactory.create(SocketFrameHandlerFactory.java:60)
	at com.rabbitmq.client.ConnectionFactory.newConnection(ConnectionFactory.java:1102)
	at com.rabbitmq.client.ConnectionFactory.newConnection(ConnectionFactory.java:1054)
	at com.rabbitmq.client.ConnectionFactory.newConnection(ConnectionFactory.java:994)
	at org.springframework.amqp.rabbit.connection.AbstractConnectionFactory.createBareConnection(AbstractConnectionFactory.java:462)
	... 43 common frames omitted
2019-06-27 10:40:23.556 INFO   [,]  [nio-8191-exec-1] c.n.config.ChainedDynamicProperty: - Flipping property: demo-order-center.ribbon.ActiveConnectionsLimit to use NEXT property: niws.loadbalancer.availabilityFilteringRule.activeConnectionsLimit = 2147483647
2019-06-27 10:40:23.571 INFO   [,]  [nio-8191-exec-1] c.n.u.c.ShutdownEnabledTimer: - Shutdown hook installed for: NFLoadBalancer-PingTimer-demo-order-center
2019-06-27 10:40:23.572 INFO   [,]  [nio-8191-exec-1] c.n.loadbalancer.BaseLoadBalancer: - Client: demo-order-center instantiated a LoadBalancer: DynamicServerListLoadBalancer:{NFLoadBalancer:name=demo-order-center,current list of Servers=[],Load balancer stats=Zone stats: {},Server stats: []}ServerList:null
2019-06-27 10:40:23.581 INFO   [,]  [nio-8191-exec-1] c.n.l.DynamicServerListLoadBalancer: - Using serverListUpdater PollingServerListUpdater
2019-06-27 10:40:23.609 INFO   [,]  [nio-8191-exec-1] c.n.config.ChainedDynamicProperty: - Flipping property: demo-order-center.ribbon.ActiveConnectionsLimit to use NEXT property: niws.loadbalancer.availabilityFilteringRule.activeConnectionsLimit = 2147483647
2019-06-27 10:40:23.613 INFO   [,]  [nio-8191-exec-1] c.n.l.DynamicServerListLoadBalancer: - DynamicServerListLoadBalancer for client demo-order-center initialized: DynamicServerListLoadBalancer:{NFLoadBalancer:name=demo-order-center,current list of Servers=[10.0.9.186:8192],Load balancer stats=Zone stats: {defaultzone=[Zone:defaultzone;	Instance count:1;	Active connections count: 0;	Circuit breaker tripped count: 0;	Active connections per server: 0.0;]
},Server stats: [[Server:10.0.9.186:8192;	Zone:defaultZone;	Total Requests:0;	Successive connection failure:0;	Total blackout seconds:0;	Last connection made:Thu Jan 01 08:00:00 CST 1970;	First connection made: Thu Jan 01 08:00:00 CST 1970;	Active Connections:0;	total failure count in last (1000) msecs:0;	average resp time:0.0;	90 percentile resp time:0.0;	95 percentile resp time:0.0;	min resp time:0.0;	max resp time:0.0;	stddev resp time:0.0]
]}ServerList:org.springframework.cloud.netflix.ribbon.eureka.DomainExtractingServerList@459b44f
2019-06-27 10:40:24.584 INFO   [,]  [erListUpdater-0] c.n.config.ChainedDynamicProperty: - Flipping property: demo-order-center.ribbon.ActiveConnectionsLimit to use NEXT property: niws.loadbalancer.availabilityFilteringRule.activeConnectionsLimit = 2147483647
2019-06-27 10:41:10.791 INFO   [,]  [trap-executor-0] c.n.d.s.r.aws.ConfigClusterResolver: - Resolving eureka endpoints via configuration
2019-06-27 10:46:10.802 INFO   [,]  [trap-executor-0] c.n.d.s.r.aws.ConfigClusterResolver: - Resolving eureka endpoints via configuration
2019-06-27 10:51:10.804 INFO   [,]  [trap-executor-0] c.n.d.s.r.aws.ConfigClusterResolver: - Resolving eureka endpoints via configuration
2019-06-27 10:56:10.807 INFO   [,]  [trap-executor-0] c.n.d.s.r.aws.ConfigClusterResolver: - Resolving eureka endpoints via configuration
2019-06-27 11:01:10.812 INFO   [,]  [trap-executor-0] c.n.d.s.r.aws.ConfigClusterResolver: - Resolving eureka endpoints via configuration
2019-06-27 11:06:10.816 INFO   [,]  [trap-executor-0] c.n.d.s.r.aws.ConfigClusterResolver: - Resolving eureka endpoints via configuration
2019-06-27 11:11:10.819 INFO   [,]  [trap-executor-0] c.n.d.s.r.aws.ConfigClusterResolver: - Resolving eureka endpoints via configuration
2019-06-27 11:16:10.824 INFO   [,]  [trap-executor-0] c.n.d.s.r.aws.ConfigClusterResolver: - Resolving eureka endpoints via configuration
2019-06-27 11:21:10.829 INFO   [,]  [trap-executor-0] c.n.d.s.r.aws.ConfigClusterResolver: - Resolving eureka endpoints via configuration
2019-06-27 11:26:10.833 INFO   [,]  [trap-executor-0] c.n.d.s.r.aws.ConfigClusterResolver: - Resolving eureka endpoints via configuration
2019-06-27 11:31:10.836 INFO   [,]  [trap-executor-0] c.n.d.s.r.aws.ConfigClusterResolver: - Resolving eureka endpoints via configuration
2019-06-27 11:36:10.839 INFO   [,]  [trap-executor-0] c.n.d.s.r.aws.ConfigClusterResolver: - Resolving eureka endpoints via configuration
2019-06-27 11:41:10.843 INFO   [,]  [trap-executor-0] c.n.d.s.r.aws.ConfigClusterResolver: - Resolving eureka endpoints via configuration
2019-06-27 11:46:10.467 INFO   [,]  [Thread-50] c.n.l.PollingServerListUpdater: - Shutting down the Executor Pool for PollingServerListUpdater
2019-06-27 11:46:10.504 INFO   [,]  [Thread-38] o.s.c.n.e.s.EurekaServiceRegistry: - Unregistering application DEMO-STOCK-CENTER with eureka with status DOWN
2019-06-27 11:46:10.505 WARN   [,]  [Thread-38] c.netflix.discovery.DiscoveryClient: - Saw local status change event StatusChangeEvent [timestamp=1561607170505, current=DOWN, previous=UP]
2019-06-27 11:46:10.506 INFO   [,]  [nfoReplicator-0] c.netflix.discovery.DiscoveryClient: - DiscoveryClient_DEMO-STOCK-CENTER/DESKTOP-JESJ2F8:demo-stock-center:8191: registering service...
2019-06-27 11:46:10.567 INFO   [,]  [nfoReplicator-0] c.netflix.discovery.DiscoveryClient: - DiscoveryClient_DEMO-STOCK-CENTER/DESKTOP-JESJ2F8:demo-stock-center:8191 - registration status: 204
2019-06-27 11:46:10.620 INFO   [,]  [Thread-38] o.s.s.c.ThreadPoolTaskExecutor: - Shutting down ExecutorService 'applicationTaskExecutor'
2019-06-27 11:46:10.633 INFO   [,]  [Thread-38] c.n.u.c.ShutdownEnabledTimer: - Shutdown hook removed for: NFLoadBalancer-PingTimer-demo-order-center
2019-06-27 11:46:10.635 INFO   [,]  [Thread-38] c.n.u.c.ShutdownEnabledTimer: - Exception caught (might be ok if at shutdown)
java.lang.IllegalStateException: Shutdown in progress
	at java.lang.ApplicationShutdownHooks.remove(ApplicationShutdownHooks.java:82)
	at java.lang.Runtime.removeShutdownHook(Runtime.java:239)
	at com.netflix.util.concurrent.ShutdownEnabledTimer.cancel(ShutdownEnabledTimer.java:70)
	at com.netflix.loadbalancer.BaseLoadBalancer.cancelPingTask(BaseLoadBalancer.java:632)
	at com.netflix.loadbalancer.BaseLoadBalancer.shutdown(BaseLoadBalancer.java:883)
	at com.netflix.loadbalancer.DynamicServerListLoadBalancer.shutdown(DynamicServerListLoadBalancer.java:285)
	at sun.reflect.NativeMethodAccessorImpl.invoke0(Native Method)
	at sun.reflect.NativeMethodAccessorImpl.invoke(NativeMethodAccessorImpl.java:62)
	at sun.reflect.DelegatingMethodAccessorImpl.invoke(DelegatingMethodAccessorImpl.java:43)
	at java.lang.reflect.Method.invoke(Method.java:498)
	at org.springframework.beans.factory.support.DisposableBeanAdapter.invokeCustomDestroyMethod(DisposableBeanAdapter.java:339)
	at org.springframework.beans.factory.support.DisposableBeanAdapter.destroy(DisposableBeanAdapter.java:273)
	at org.springframework.beans.factory.support.DefaultSingletonBeanRegistry.destroyBean(DefaultSingletonBeanRegistry.java:571)
	at org.springframework.beans.factory.support.DefaultSingletonBeanRegistry.destroySingleton(DefaultSingletonBeanRegistry.java:543)
	at org.springframework.beans.factory.support.DefaultListableBeanFactory.destroySingleton(DefaultListableBeanFactory.java:1036)
	at org.springframework.beans.factory.support.DefaultSingletonBeanRegistry.destroySingletons(DefaultSingletonBeanRegistry.java:504)
	at org.springframework.beans.factory.support.DefaultListableBeanFactory.destroySingletons(DefaultListableBeanFactory.java:1029)
	at org.springframework.context.support.AbstractApplicationContext.destroyBeans(AbstractApplicationContext.java:1057)
	at org.springframework.context.support.AbstractApplicationContext.doClose(AbstractApplicationContext.java:1026)
	at org.springframework.context.support.AbstractApplicationContext.close(AbstractApplicationContext.java:975)
	at org.springframework.cloud.context.named.NamedContextFactory.destroy(NamedContextFactory.java:92)
	at org.springframework.beans.factory.support.DisposableBeanAdapter.destroy(DisposableBeanAdapter.java:258)
	at org.springframework.beans.factory.support.DefaultSingletonBeanRegistry.destroyBean(DefaultSingletonBeanRegistry.java:571)
	at org.springframework.beans.factory.support.DefaultSingletonBeanRegistry.destroySingleton(DefaultSingletonBeanRegistry.java:543)
	at org.springframework.beans.factory.support.DefaultListableBeanFactory.destroySingleton(DefaultListableBeanFactory.java:1036)
	at org.springframework.beans.factory.support.DefaultSingletonBeanRegistry.destroySingletons(DefaultSingletonBeanRegistry.java:504)
	at org.springframework.beans.factory.support.DefaultListableBeanFactory.destroySingletons(DefaultListableBeanFactory.java:1029)
	at org.springframework.context.support.AbstractApplicationContext.destroyBeans(AbstractApplicationContext.java:1057)
	at org.springframework.context.support.AbstractApplicationContext.doClose(AbstractApplicationContext.java:1026)
	at org.springframework.context.support.AbstractApplicationContext$1.run(AbstractApplicationContext.java:945)
2019-06-27 11:46:10.660 INFO   [,]  [Thread-38] c.netflix.discovery.DiscoveryClient: - Shutting down DiscoveryClient ...
2019-06-27 11:46:10.847 INFO   [,]  [trap-executor-0] c.n.d.s.r.aws.ConfigClusterResolver: - Resolving eureka endpoints via configuration
2019-06-27 11:46:44.763 INFO   [,]  [restartedMain] o.s.b.d.e.DevToolsPropertyDefaultsPostProcessor: - Devtools property defaults active! Set 'spring.devtools.add-properties' to 'false' to disable
2019-06-27 11:46:45.019 INFO   [,]  [restartedMain] o.s.c.s.PostProcessorRegistrationDelegate$BeanPostProcessorChecker: - Bean 'org.springframework.cloud.autoconfigure.ConfigurationPropertiesRebinderAutoConfiguration' of type [org.springframework.cloud.autoconfigure.ConfigurationPropertiesRebinderAutoConfiguration$$EnhancerBySpringCGLIB$$4db4f3b6] is not eligible for getting processed by all BeanPostProcessors (for example: not eligible for auto-proxying)
2019-06-27 11:46:46.437 INFO   [,]  [restartedMain] c.z.s.s.DemoStockCenterProviderApplication: - The following profiles are active: dev
2019-06-27 11:46:47.571 WARN   [,]  [restartedMain] o.s.boot.actuate.endpoint.EndpointId: - Endpoint ID 'service-registry' contains invalid characters, please migrate to a valid format.
2019-06-27 11:46:47.772 INFO   [,]  [restartedMain] o.s.cloud.context.scope.GenericScope: - BeanFactory id=ba36d2aa-16d6-3bce-9d41-6d56f2f3e60f
2019-06-27 11:46:47.880 INFO   [,]  [restartedMain] o.s.c.s.PostProcessorRegistrationDelegate$BeanPostProcessorChecker: - Bean 'org.springframework.transaction.annotation.ProxyTransactionManagementConfiguration' of type [org.springframework.transaction.annotation.ProxyTransactionManagementConfiguration$$EnhancerBySpringCGLIB$$319af0b9] is not eligible for getting processed by all BeanPostProcessors (for example: not eligible for auto-proxying)
2019-06-27 11:46:47.903 INFO   [,]  [restartedMain] o.s.c.s.PostProcessorRegistrationDelegate$BeanPostProcessorChecker: - Bean 'org.springframework.cloud.autoconfigure.ConfigurationPropertiesRebinderAutoConfiguration' of type [org.springframework.cloud.autoconfigure.ConfigurationPropertiesRebinderAutoConfiguration$$EnhancerBySpringCGLIB$$4db4f3b6] is not eligible for getting processed by all BeanPostProcessors (for example: not eligible for auto-proxying)
2019-06-27 11:46:48.474 INFO   [,]  [restartedMain] o.s.b.w.e.tomcat.TomcatWebServer: - Tomcat initialized with port(s): 8191 (http)
2019-06-27 11:46:48.498 INFO   [,]  [restartedMain] o.a.catalina.core.StandardService: - Starting service [Tomcat]
2019-06-27 11:46:48.498 INFO   [,]  [restartedMain] o.a.catalina.core.StandardEngine: - Starting Servlet engine: [Apache Tomcat/9.0.21]
2019-06-27 11:46:48.671 INFO   [,]  [restartedMain] o.a.c.c.C.[.[.[/demo-stock-center]: - Initializing Spring embedded WebApplicationContext
2019-06-27 11:46:48.672 INFO   [,]  [restartedMain] o.s.web.context.ContextLoader: - Root WebApplicationContext: initialization completed in 2222 ms
2019-06-27 11:46:48.783 WARN   [,]  [restartedMain] c.n.c.sources.URLConfigurationSource: - No URLs will be polled as dynamic configuration sources.
2019-06-27 11:46:48.783 INFO   [,]  [restartedMain] c.n.c.sources.URLConfigurationSource: - To enable URLs as dynamic configuration sources, define System property archaius.configurationSource.additionalUrls or make config.properties available on classpath.
2019-06-27 11:46:48.794 INFO   [,]  [restartedMain] c.n.config.DynamicPropertyFactory: - DynamicPropertyFactory is initialized with configuration sources: com.netflix.config.ConcurrentCompositeConfiguration@95a260c
2019-06-27 11:46:50.579 WARN   [,]  [restartedMain] o.s.b.d.a.OptionalLiveReloadServer: - Unable to start LiveReload server
2019-06-27 11:46:51.807 INFO   [,]  [restartedMain] com.zaxxer.hikari.HikariDataSource: - HikariPool-1 - Starting...
2019-06-27 11:46:51.964 INFO   [,]  [restartedMain] com.zaxxer.hikari.HikariDataSource: - HikariPool-1 - Start completed.
2019-06-27 11:46:52.192 WARN   [,]  [restartedMain] c.n.c.sources.URLConfigurationSource: - No URLs will be polled as dynamic configuration sources.
2019-06-27 11:46:52.192 INFO   [,]  [restartedMain] c.n.c.sources.URLConfigurationSource: - To enable URLs as dynamic configuration sources, define System property archaius.configurationSource.additionalUrls or make config.properties available on classpath.
2019-06-27 11:46:52.373 INFO   [,]  [restartedMain] o.s.s.c.ThreadPoolTaskExecutor: - Initializing ExecutorService 'applicationTaskExecutor'
2019-06-27 11:46:54.097 INFO   [,]  [restartedMain] o.s.b.a.e.web.EndpointLinksResolver: - Exposing 2 endpoint(s) beneath base path '/actuator'
2019-06-27 11:46:54.230 INFO   [,]  [restartedMain] o.s.c.n.eureka.InstanceInfoFactory: - Setting initial instance status as: STARTING
2019-06-27 11:46:54.264 INFO   [,]  [restartedMain] c.netflix.discovery.DiscoveryClient: - Initializing Eureka in region us-east-1
2019-06-27 11:46:54.374 INFO   [,]  [restartedMain] c.n.d.p.DiscoveryJerseyProvider: - Using JSON encoding codec LegacyJacksonJson
2019-06-27 11:46:54.374 INFO   [,]  [restartedMain] c.n.d.p.DiscoveryJerseyProvider: - Using JSON decoding codec LegacyJacksonJson
2019-06-27 11:46:54.512 INFO   [,]  [restartedMain] c.n.d.p.DiscoveryJerseyProvider: - Using XML encoding codec XStreamXml
2019-06-27 11:46:54.512 INFO   [,]  [restartedMain] c.n.d.p.DiscoveryJerseyProvider: - Using XML decoding codec XStreamXml
2019-06-27 11:46:54.776 INFO   [,]  [restartedMain] c.n.d.s.r.aws.ConfigClusterResolver: - Resolving eureka endpoints via configuration
2019-06-27 11:46:55.329 INFO   [,]  [restartedMain] c.netflix.discovery.DiscoveryClient: - Disable delta property : false
2019-06-27 11:46:55.329 INFO   [,]  [restartedMain] c.netflix.discovery.DiscoveryClient: - Single vip registry refresh property : null
2019-06-27 11:46:55.330 INFO   [,]  [restartedMain] c.netflix.discovery.DiscoveryClient: - Force full registry fetch : false
2019-06-27 11:46:55.330 INFO   [,]  [restartedMain] c.netflix.discovery.DiscoveryClient: - Application is null : false
2019-06-27 11:46:55.330 INFO   [,]  [restartedMain] c.netflix.discovery.DiscoveryClient: - Registered Applications size is zero : true
2019-06-27 11:46:55.331 INFO   [,]  [restartedMain] c.netflix.discovery.DiscoveryClient: - Application version is -1: true
2019-06-27 11:46:55.331 INFO   [,]  [restartedMain] c.netflix.discovery.DiscoveryClient: - Getting all instance registry info from the eureka server
2019-06-27 11:46:55.497 INFO   [,]  [restartedMain] c.netflix.discovery.DiscoveryClient: - The response status is 200
2019-06-27 11:46:55.500 INFO   [,]  [restartedMain] c.netflix.discovery.DiscoveryClient: - Starting heartbeat executor: renew interval is: 30
2019-06-27 11:46:55.504 INFO   [,]  [restartedMain] c.n.discovery.InstanceInfoReplicator: - InstanceInfoReplicator onDemand update allowed rate per min is 4
2019-06-27 11:46:55.508 INFO   [,]  [restartedMain] c.netflix.discovery.DiscoveryClient: - Discovery Client initialized at timestamp 1561607215507 with initial instances count: 3
2019-06-27 11:46:55.509 INFO   [,]  [restartedMain] o.s.c.n.e.s.EurekaServiceRegistry: - Registering application DEMO-STOCK-CENTER with eureka with status UP
2019-06-27 11:46:55.510 INFO   [,]  [restartedMain] c.netflix.discovery.DiscoveryClient: - Saw local status change event StatusChangeEvent [timestamp=1561607215510, current=UP, previous=STARTING]
2019-06-27 11:46:55.513 INFO   [,]  [nfoReplicator-0] c.netflix.discovery.DiscoveryClient: - DiscoveryClient_DEMO-STOCK-CENTER/DESKTOP-JESJ2F8:demo-stock-center:8191: registering service...
2019-06-27 11:46:55.741 INFO   [,]  [nfoReplicator-0] c.netflix.discovery.DiscoveryClient: - DiscoveryClient_DEMO-STOCK-CENTER/DESKTOP-JESJ2F8:demo-stock-center:8191 - registration status: 204
2019-06-27 11:46:55.750 INFO   [,]  [restartedMain] o.s.b.w.e.tomcat.TomcatWebServer: - Tomcat started on port(s): 8191 (http) with context path '/demo-stock-center'
2019-06-27 11:46:55.751 INFO   [,]  [restartedMain] o.s.c.n.e.s.EurekaAutoServiceRegistration: - Updating port to 8191
2019-06-27 11:46:55.753 INFO   [,]  [restartedMain] c.z.s.s.DemoStockCenterProviderApplication: - Started DemoStockCenterProviderApplication in 13.237 seconds (JVM running for 15.672)
2019-06-27 11:46:55.996 INFO   [,]  [on(6)-127.0.0.1] o.s.a.r.c.CachingConnectionFactory: - Attempting to connect to: [localhost:5672]
2019-06-27 11:46:56.020 INFO   [,]  [on(4)-127.0.0.1] o.a.c.c.C.[.[.[/demo-stock-center]: - Initializing Spring DispatcherServlet 'dispatcherServlet'
2019-06-27 11:46:56.020 INFO   [,]  [on(4)-127.0.0.1] o.s.web.servlet.DispatcherServlet: - Initializing Servlet 'dispatcherServlet'
2019-06-27 11:46:56.031 INFO   [,]  [on(4)-127.0.0.1] o.s.web.servlet.DispatcherServlet: - Completed initialization in 10 ms
2019-06-27 11:46:58.056 WARN   [,]  [on(6)-127.0.0.1] o.s.b.a.amqp.RabbitHealthIndicator: - Rabbit health check failed
org.springframework.amqp.AmqpConnectException: java.net.ConnectException: Connection refused: connect
	at org.springframework.amqp.rabbit.support.RabbitExceptionTranslator.convertRabbitAccessException(RabbitExceptionTranslator.java:62)
	at org.springframework.amqp.rabbit.connection.AbstractConnectionFactory.createBareConnection(AbstractConnectionFactory.java:509)
	at org.springframework.amqp.rabbit.connection.CachingConnectionFactory.createConnection(CachingConnectionFactory.java:702)
	at org.springframework.amqp.rabbit.connection.ConnectionFactoryUtils.createConnection(ConnectionFactoryUtils.java:214)
	at org.springframework.amqp.rabbit.core.RabbitTemplate.doExecute(RabbitTemplate.java:2073)
	at org.springframework.amqp.rabbit.core.RabbitTemplate.execute(RabbitTemplate.java:2047)
	at org.springframework.amqp.rabbit.core.RabbitTemplate.execute(RabbitTemplate.java:2027)
	at org.springframework.boot.actuate.amqp.RabbitHealthIndicator.getVersion(RabbitHealthIndicator.java:49)
	at org.springframework.boot.actuate.amqp.RabbitHealthIndicator.doHealthCheck(RabbitHealthIndicator.java:44)
	at org.springframework.boot.actuate.health.AbstractHealthIndicator.health(AbstractHealthIndicator.java:82)
	at org.springframework.boot.actuate.health.CompositeHealthIndicator.health(CompositeHealthIndicator.java:95)
	at org.springframework.boot.actuate.health.HealthEndpoint.health(HealthEndpoint.java:50)
	at sun.reflect.NativeMethodAccessorImpl.invoke0(Native Method)
	at sun.reflect.NativeMethodAccessorImpl.invoke(NativeMethodAccessorImpl.java:62)
	at sun.reflect.DelegatingMethodAccessorImpl.invoke(DelegatingMethodAccessorImpl.java:43)
	at java.lang.reflect.Method.invoke(Method.java:498)
	at org.springframework.util.ReflectionUtils.invokeMethod(ReflectionUtils.java:282)
	at org.springframework.boot.actuate.endpoint.invoke.reflect.ReflectiveOperationInvoker.invoke(ReflectiveOperationInvoker.java:76)
	at org.springframework.boot.actuate.endpoint.annotation.AbstractDiscoveredOperation.invoke(AbstractDiscoveredOperation.java:60)
	at org.springframework.boot.actuate.endpoint.jmx.EndpointMBean.invoke(EndpointMBean.java:121)
	at org.springframework.boot.actuate.endpoint.jmx.EndpointMBean.invoke(EndpointMBean.java:96)
	at com.sun.jmx.interceptor.DefaultMBeanServerInterceptor.invoke(DefaultMBeanServerInterceptor.java:819)
	at com.sun.jmx.mbeanserver.JmxMBeanServer.invoke(JmxMBeanServer.java:801)
	at javax.management.remote.rmi.RMIConnectionImpl.doOperation(RMIConnectionImpl.java:1468)
	at javax.management.remote.rmi.RMIConnectionImpl.access$300(RMIConnectionImpl.java:76)
	at javax.management.remote.rmi.RMIConnectionImpl$PrivilegedOperation.run(RMIConnectionImpl.java:1309)
	at javax.management.remote.rmi.RMIConnectionImpl.doPrivilegedOperation(RMIConnectionImpl.java:1401)
	at javax.management.remote.rmi.RMIConnectionImpl.invoke(RMIConnectionImpl.java:829)
	at sun.reflect.GeneratedMethodAccessor80.invoke(Unknown Source)
	at sun.reflect.DelegatingMethodAccessorImpl.invoke(DelegatingMethodAccessorImpl.java:43)
	at java.lang.reflect.Method.invoke(Method.java:498)
	at sun.rmi.server.UnicastServerRef.dispatch(UnicastServerRef.java:324)
	at sun.rmi.transport.Transport$1.run(Transport.java:200)
	at sun.rmi.transport.Transport$1.run(Transport.java:197)
	at java.security.AccessController.doPrivileged(Native Method)
	at sun.rmi.transport.Transport.serviceCall(Transport.java:196)
	at sun.rmi.transport.tcp.TCPTransport.handleMessages(TCPTransport.java:568)
	at sun.rmi.transport.tcp.TCPTransport$ConnectionHandler.run0(TCPTransport.java:826)
	at sun.rmi.transport.tcp.TCPTransport$ConnectionHandler.lambda$run$0(TCPTransport.java:683)
	at java.security.AccessController.doPrivileged(Native Method)
	at sun.rmi.transport.tcp.TCPTransport$ConnectionHandler.run(TCPTransport.java:682)
	at java.util.concurrent.ThreadPoolExecutor.runWorker(ThreadPoolExecutor.java:1142)
	at java.util.concurrent.ThreadPoolExecutor$Worker.run(ThreadPoolExecutor.java:617)
	at java.lang.Thread.run(Thread.java:745)
Caused by: java.net.ConnectException: Connection refused: connect
	at java.net.DualStackPlainSocketImpl.waitForConnect(Native Method)
	at java.net.DualStackPlainSocketImpl.socketConnect(DualStackPlainSocketImpl.java:85)
	at java.net.AbstractPlainSocketImpl.doConnect(AbstractPlainSocketImpl.java:350)
	at java.net.AbstractPlainSocketImpl.connectToAddress(AbstractPlainSocketImpl.java:206)
	at java.net.AbstractPlainSocketImpl.connect(AbstractPlainSocketImpl.java:188)
	at java.net.PlainSocketImpl.connect(PlainSocketImpl.java:172)
	at java.net.SocksSocketImpl.connect(SocksSocketImpl.java:392)
	at java.net.Socket.connect(Socket.java:589)
	at com.rabbitmq.client.impl.SocketFrameHandlerFactory.create(SocketFrameHandlerFactory.java:60)
	at com.rabbitmq.client.ConnectionFactory.newConnection(ConnectionFactory.java:1102)
	at com.rabbitmq.client.ConnectionFactory.newConnection(ConnectionFactory.java:1054)
	at com.rabbitmq.client.ConnectionFactory.newConnection(ConnectionFactory.java:994)
	at org.springframework.amqp.rabbit.connection.AbstractConnectionFactory.createBareConnection(AbstractConnectionFactory.java:462)
	... 42 common frames omitted
2019-06-27 11:47:35.371 INFO   [,]  [nio-8191-exec-1] c.n.config.ChainedDynamicProperty: - Flipping property: demo-order-center.ribbon.ActiveConnectionsLimit to use NEXT property: niws.loadbalancer.availabilityFilteringRule.activeConnectionsLimit = 2147483647
2019-06-27 11:47:35.390 INFO   [,]  [nio-8191-exec-1] c.n.u.c.ShutdownEnabledTimer: - Shutdown hook installed for: NFLoadBalancer-PingTimer-demo-order-center
2019-06-27 11:47:35.391 INFO   [,]  [nio-8191-exec-1] c.n.loadbalancer.BaseLoadBalancer: - Client: demo-order-center instantiated a LoadBalancer: DynamicServerListLoadBalancer:{NFLoadBalancer:name=demo-order-center,current list of Servers=[],Load balancer stats=Zone stats: {},Server stats: []}ServerList:null
2019-06-27 11:47:35.399 INFO   [,]  [nio-8191-exec-1] c.n.l.DynamicServerListLoadBalancer: - Using serverListUpdater PollingServerListUpdater
2019-06-27 11:47:35.422 INFO   [,]  [nio-8191-exec-1] c.n.config.ChainedDynamicProperty: - Flipping property: demo-order-center.ribbon.ActiveConnectionsLimit to use NEXT property: niws.loadbalancer.availabilityFilteringRule.activeConnectionsLimit = 2147483647
2019-06-27 11:47:35.424 INFO   [,]  [nio-8191-exec-1] c.n.l.DynamicServerListLoadBalancer: - DynamicServerListLoadBalancer for client demo-order-center initialized: DynamicServerListLoadBalancer:{NFLoadBalancer:name=demo-order-center,current list of Servers=[10.0.9.186:8192],Load balancer stats=Zone stats: {defaultzone=[Zone:defaultzone;	Instance count:1;	Active connections count: 0;	Circuit breaker tripped count: 0;	Active connections per server: 0.0;]
},Server stats: [[Server:10.0.9.186:8192;	Zone:defaultZone;	Total Requests:0;	Successive connection failure:0;	Total blackout seconds:0;	Last connection made:Thu Jan 01 08:00:00 CST 1970;	First connection made: Thu Jan 01 08:00:00 CST 1970;	Active Connections:0;	total failure count in last (1000) msecs:0;	average resp time:0.0;	90 percentile resp time:0.0;	95 percentile resp time:0.0;	min resp time:0.0;	max resp time:0.0;	stddev resp time:0.0]
]}ServerList:org.springframework.cloud.netflix.ribbon.eureka.DomainExtractingServerList@6d62560c
2019-06-27 11:47:36.404 INFO   [,]  [erListUpdater-0] c.n.config.ChainedDynamicProperty: - Flipping property: demo-order-center.ribbon.ActiveConnectionsLimit to use NEXT property: niws.loadbalancer.availabilityFilteringRule.activeConnectionsLimit = 2147483647
2019-06-27 11:48:35.034 INFO   [,]  [Thread-37] o.s.c.n.e.s.EurekaServiceRegistry: - Unregistering application DEMO-STOCK-CENTER with eureka with status DOWN
2019-06-27 11:48:35.036 WARN   [,]  [Thread-37] c.netflix.discovery.DiscoveryClient: - Saw local status change event StatusChangeEvent [timestamp=1561607315036, current=DOWN, previous=UP]
2019-06-27 11:48:35.037 INFO   [,]  [nfoReplicator-0] c.netflix.discovery.DiscoveryClient: - DiscoveryClient_DEMO-STOCK-CENTER/DESKTOP-JESJ2F8:demo-stock-center:8191: registering service...
2019-06-27 11:48:35.031 INFO   [,]  [Thread-49] c.n.l.PollingServerListUpdater: - Shutting down the Executor Pool for PollingServerListUpdater
2019-06-27 11:48:35.050 INFO   [,]  [nfoReplicator-0] c.netflix.discovery.DiscoveryClient: - DiscoveryClient_DEMO-STOCK-CENTER/DESKTOP-JESJ2F8:demo-stock-center:8191 - registration status: 204
2019-06-27 11:48:35.069 INFO   [,]  [Thread-37] o.s.s.c.ThreadPoolTaskExecutor: - Shutting down ExecutorService 'applicationTaskExecutor'
2019-06-27 11:48:35.074 INFO   [,]  [Thread-37] c.n.u.c.ShutdownEnabledTimer: - Shutdown hook removed for: NFLoadBalancer-PingTimer-demo-order-center
2019-06-27 11:48:35.075 INFO   [,]  [Thread-37] c.n.u.c.ShutdownEnabledTimer: - Exception caught (might be ok if at shutdown)
java.lang.IllegalStateException: Shutdown in progress
	at java.lang.ApplicationShutdownHooks.remove(ApplicationShutdownHooks.java:82)
	at java.lang.Runtime.removeShutdownHook(Runtime.java:239)
	at com.netflix.util.concurrent.ShutdownEnabledTimer.cancel(ShutdownEnabledTimer.java:70)
	at com.netflix.loadbalancer.BaseLoadBalancer.cancelPingTask(BaseLoadBalancer.java:632)
	at com.netflix.loadbalancer.BaseLoadBalancer.shutdown(BaseLoadBalancer.java:883)
	at com.netflix.loadbalancer.DynamicServerListLoadBalancer.shutdown(DynamicServerListLoadBalancer.java:285)
	at sun.reflect.NativeMethodAccessorImpl.invoke0(Native Method)
	at sun.reflect.NativeMethodAccessorImpl.invoke(NativeMethodAccessorImpl.java:62)
	at sun.reflect.DelegatingMethodAccessorImpl.invoke(DelegatingMethodAccessorImpl.java:43)
	at java.lang.reflect.Method.invoke(Method.java:498)
	at org.springframework.beans.factory.support.DisposableBeanAdapter.invokeCustomDestroyMethod(DisposableBeanAdapter.java:339)
	at org.springframework.beans.factory.support.DisposableBeanAdapter.destroy(DisposableBeanAdapter.java:273)
	at org.springframework.beans.factory.support.DefaultSingletonBeanRegistry.destroyBean(DefaultSingletonBeanRegistry.java:571)
	at org.springframework.beans.factory.support.DefaultSingletonBeanRegistry.destroySingleton(DefaultSingletonBeanRegistry.java:543)
	at org.springframework.beans.factory.support.DefaultListableBeanFactory.destroySingleton(DefaultListableBeanFactory.java:1036)
	at org.springframework.beans.factory.support.DefaultSingletonBeanRegistry.destroySingletons(DefaultSingletonBeanRegistry.java:504)
	at org.springframework.beans.factory.support.DefaultListableBeanFactory.destroySingletons(DefaultListableBeanFactory.java:1029)
	at org.springframework.context.support.AbstractApplicationContext.destroyBeans(AbstractApplicationContext.java:1057)
	at org.springframework.context.support.AbstractApplicationContext.doClose(AbstractApplicationContext.java:1026)
	at org.springframework.context.support.AbstractApplicationContext.close(AbstractApplicationContext.java:975)
	at org.springframework.cloud.context.named.NamedContextFactory.destroy(NamedContextFactory.java:92)
	at org.springframework.beans.factory.support.DisposableBeanAdapter.destroy(DisposableBeanAdapter.java:258)
	at org.springframework.beans.factory.support.DefaultSingletonBeanRegistry.destroyBean(DefaultSingletonBeanRegistry.java:571)
	at org.springframework.beans.factory.support.DefaultSingletonBeanRegistry.destroySingleton(DefaultSingletonBeanRegistry.java:543)
	at org.springframework.beans.factory.support.DefaultListableBeanFactory.destroySingleton(DefaultListableBeanFactory.java:1036)
	at org.springframework.beans.factory.support.DefaultSingletonBeanRegistry.destroySingletons(DefaultSingletonBeanRegistry.java:504)
	at org.springframework.beans.factory.support.DefaultListableBeanFactory.destroySingletons(DefaultListableBeanFactory.java:1029)
	at org.springframework.context.support.AbstractApplicationContext.destroyBeans(AbstractApplicationContext.java:1057)
	at org.springframework.context.support.AbstractApplicationContext.doClose(AbstractApplicationContext.java:1026)
	at org.springframework.context.support.AbstractApplicationContext$1.run(AbstractApplicationContext.java:945)
2019-06-27 11:48:35.087 INFO   [,]  [Thread-37] c.netflix.discovery.DiscoveryClient: - Shutting down DiscoveryClient ...
